

Started GET "/" for 127.0.0.1 at 2016-05-12 13:28:33 -0400
Processing by ApplicationController#hello as HTML
  Rendered text template (0.1ms)
Completed 200 OK in 41ms (Views: 18.2ms | ActiveRecord: 0.0ms)


Started GET "/static_pages/home" for 127.0.0.1 at 2016-05-12 13:41:01 -0400
Processing by StaticPagesController#home as HTML
  Rendered static_pages/home.html.erb within layouts/application (4.1ms)
Completed 200 OK in 2291ms (Views: 2289.3ms | ActiveRecord: 0.0ms)


Started GET "/assets/static_pages.self-e3b0c44298fc1c149afbf4c8996fb92427ae41e4649b934ca495991b7852b855.css?body=1" for 127.0.0.1 at 2016-05-12 13:41:04 -0400


Started GET "/assets/static_pages.self-877aef30ae1b040ab8a3aba4e3e309a11d7f2612f44dde450b5c157aa5f95c05.js?body=1" for 127.0.0.1 at 2016-05-12 13:41:04 -0400


Started GET "/static_pages/home" for 127.0.0.1 at 2016-05-12 13:49:42 -0400
Processing by StaticPagesController#home as HTML
  Rendered static_pages/home.html.erb within layouts/application (1.3ms)
Completed 200 OK in 58ms (Views: 56.7ms | ActiveRecord: 0.0ms)


Started GET "/assets/static_pages.self-e3b0c44298fc1c149afbf4c8996fb92427ae41e4649b934ca495991b7852b855.css?body=1" for 127.0.0.1 at 2016-05-12 13:49:42 -0400


Started GET "/assets/turbolinks.self-c846e670826600e8c91b1a5ada3e6547110d996cd6ff24cde55024f7a135a1b4.js?body=1" for 127.0.0.1 at 2016-05-12 13:49:42 -0400


Started GET "/assets/application.self-e80e8f2318043e8af94dddc2adad5a4f09739a8ebb323b3ab31cd71d45fd9113.css?body=1" for 127.0.0.1 at 2016-05-12 13:49:42 -0400


Started GET "/assets/jquery_ujs.self-8e98a7a072a6cee1372d19fff9ff3e6aa1e39a37d89d6f06861637d061113ee7.js?body=1" for 127.0.0.1 at 2016-05-12 13:49:42 -0400


Started GET "/assets/jquery.self-d03a5518f45df77341bdbe6201ba3bfa547ebba8ed64f0ea56bfa5f96ea7c074.js?body=1" for 127.0.0.1 at 2016-05-12 13:49:42 -0400


Started GET "/assets/static_pages.self-877aef30ae1b040ab8a3aba4e3e309a11d7f2612f44dde450b5c157aa5f95c05.js?body=1" for 127.0.0.1 at 2016-05-12 13:49:42 -0400


Started GET "/assets/application.self-3b8dabdc891efe46b9a144b400ad69e37d7e5876bdc39dee783419a69d7ca819.js?body=1" for 127.0.0.1 at 2016-05-12 13:49:42 -0400


Started GET "/static_pages/help" for 127.0.0.1 at 2016-05-12 13:49:46 -0400
Processing by StaticPagesController#help as HTML
  Rendered static_pages/help.html.erb within layouts/application (1.1ms)
Completed 200 OK in 61ms (Views: 59.3ms | ActiveRecord: 0.0ms)


Started GET "/static_pages/about" for 127.0.0.1 at 2016-05-12 14:21:42 -0400
Processing by StaticPagesController#about as HTML
  Rendered static_pages/about.html.erb within layouts/application (0.7ms)
Completed 200 OK in 123ms (Views: 121.6ms | ActiveRecord: 0.0ms)


Started GET "/static_pages/about" for 127.0.0.1 at 2016-05-16 16:36:03 -0400
Processing by StaticPagesController#about as HTML
  Rendered static_pages/about.html.erb within layouts/application (36.9ms)
Completed 200 OK in 524ms (Views: 466.4ms | ActiveRecord: 0.0ms)


Started GET "/assets/static_pages.self-e3b0c44298fc1c149afbf4c8996fb92427ae41e4649b934ca495991b7852b855.css?body=1" for 127.0.0.1 at 2016-05-16 16:36:05 -0400


Started GET "/assets/jquery.self-d03a5518f45df77341bdbe6201ba3bfa547ebba8ed64f0ea56bfa5f96ea7c074.js?body=1" for 127.0.0.1 at 2016-05-16 16:36:06 -0400


Started GET "/assets/application.self-e80e8f2318043e8af94dddc2adad5a4f09739a8ebb323b3ab31cd71d45fd9113.css?body=1" for 127.0.0.1 at 2016-05-16 16:36:06 -0400


Started GET "/assets/jquery_ujs.self-8e98a7a072a6cee1372d19fff9ff3e6aa1e39a37d89d6f06861637d061113ee7.js?body=1" for 127.0.0.1 at 2016-05-16 16:36:06 -0400


Started GET "/assets/static_pages.self-877aef30ae1b040ab8a3aba4e3e309a11d7f2612f44dde450b5c157aa5f95c05.js?body=1" for 127.0.0.1 at 2016-05-16 16:36:06 -0400


Started GET "/assets/application.self-3b8dabdc891efe46b9a144b400ad69e37d7e5876bdc39dee783419a69d7ca819.js?body=1" for 127.0.0.1 at 2016-05-16 16:36:06 -0400


Started GET "/assets/turbolinks.self-c846e670826600e8c91b1a5ada3e6547110d996cd6ff24cde55024f7a135a1b4.js?body=1" for 127.0.0.1 at 2016-05-16 16:36:06 -0400


Started GET "/" for 127.0.0.1 at 2016-05-16 16:36:06 -0400
Processing by StaticPagesController#home as HTML
  Rendered static_pages/home.html.erb within layouts/application (3.5ms)
Completed 200 OK in 68ms (Views: 65.1ms | ActiveRecord: 0.0ms)


Started GET "/assets/jquery.self-d03a5518f45df77341bdbe6201ba3bfa547ebba8ed64f0ea56bfa5f96ea7c074.js?body=1" for 127.0.0.1 at 2016-05-16 16:36:06 -0400


Started GET "/" for 127.0.0.1 at 2016-05-16 16:36:18 -0400
Processing by StaticPagesController#home as HTML
  Rendered static_pages/home.html.erb within layouts/application (0.2ms)
Completed 200 OK in 71ms (Views: 69.3ms | ActiveRecord: 0.0ms)


Started GET "/assets/static_pages.self-e3b0c44298fc1c149afbf4c8996fb92427ae41e4649b934ca495991b7852b855.css?body=1" for 127.0.0.1 at 2016-05-16 16:36:18 -0400


Started GET "/assets/application.self-e80e8f2318043e8af94dddc2adad5a4f09739a8ebb323b3ab31cd71d45fd9113.css?body=1" for 127.0.0.1 at 2016-05-16 16:36:18 -0400


Started GET "/assets/jquery.self-d03a5518f45df77341bdbe6201ba3bfa547ebba8ed64f0ea56bfa5f96ea7c074.js?body=1" for 127.0.0.1 at 2016-05-16 16:36:18 -0400


Started GET "/assets/jquery_ujs.self-8e98a7a072a6cee1372d19fff9ff3e6aa1e39a37d89d6f06861637d061113ee7.js?body=1" for 127.0.0.1 at 2016-05-16 16:36:18 -0400


Started GET "/assets/turbolinks.self-c846e670826600e8c91b1a5ada3e6547110d996cd6ff24cde55024f7a135a1b4.js?body=1" for 127.0.0.1 at 2016-05-16 16:36:18 -0400


Started GET "/assets/static_pages.self-877aef30ae1b040ab8a3aba4e3e309a11d7f2612f44dde450b5c157aa5f95c05.js?body=1" for 127.0.0.1 at 2016-05-16 16:36:18 -0400


Started GET "/assets/application.self-3b8dabdc891efe46b9a144b400ad69e37d7e5876bdc39dee783419a69d7ca819.js?body=1" for 127.0.0.1 at 2016-05-16 16:36:18 -0400


Started GET "/contact" for 127.0.0.1 at 2016-05-16 16:48:38 -0400

ActionController::RoutingError (No route matches [GET] "/contact"):
  web-console (2.0.0.beta3) lib/action_dispatch/debug_exceptions.rb:22:in `middleware_call'
  web-console (2.0.0.beta3) lib/action_dispatch/debug_exceptions.rb:13:in `call'
  actionpack (4.2.2) lib/action_dispatch/middleware/show_exceptions.rb:30:in `call'
  railties (4.2.2) lib/rails/rack/logger.rb:38:in `call_app'
  railties (4.2.2) lib/rails/rack/logger.rb:20:in `block in call'
  activesupport (4.2.2) lib/active_support/tagged_logging.rb:68:in `block in tagged'
  activesupport (4.2.2) lib/active_support/tagged_logging.rb:26:in `tagged'
  activesupport (4.2.2) lib/active_support/tagged_logging.rb:68:in `tagged'
  railties (4.2.2) lib/rails/rack/logger.rb:20:in `call'
  actionpack (4.2.2) lib/action_dispatch/middleware/request_id.rb:21:in `call'
  rack (1.6.4) lib/rack/methodoverride.rb:22:in `call'
  rack (1.6.4) lib/rack/runtime.rb:18:in `call'
  activesupport (4.2.2) lib/active_support/cache/strategy/local_cache_middleware.rb:28:in `call'
  rack (1.6.4) lib/rack/lock.rb:17:in `call'
  actionpack (4.2.2) lib/action_dispatch/middleware/static.rb:113:in `call'
  rack (1.6.4) lib/rack/sendfile.rb:113:in `call'
  railties (4.2.2) lib/rails/engine.rb:518:in `call'
  railties (4.2.2) lib/rails/application.rb:164:in `call'
  rack (1.6.4) lib/rack/lock.rb:17:in `call'
  rack (1.6.4) lib/rack/content_length.rb:15:in `call'
  rack (1.6.4) lib/rack/handler/webrick.rb:88:in `service'
  /home/ryan/.rvm/rubies/ruby-2.3.0/lib/ruby/2.3.0/webrick/httpserver.rb:140:in `service'
  /home/ryan/.rvm/rubies/ruby-2.3.0/lib/ruby/2.3.0/webrick/httpserver.rb:96:in `run'
  /home/ryan/.rvm/rubies/ruby-2.3.0/lib/ruby/2.3.0/webrick/server.rb:296:in `block in start_thread'


  Rendered /home/ryan/.rvm/gems/ruby-2.3.0@rails5.0/gems/web-console-2.0.0.beta3/lib/action_dispatch/templates/rescues/_trace.html.erb (17.3ms)
  Rendered /home/ryan/.rvm/gems/ruby-2.3.0@rails5.0/gems/web-console-2.0.0.beta3/lib/action_dispatch/templates/rescues/routing_error.html.erb within rescues/layout (186.0ms)


Started GET "/assets/application.ss" for 127.0.0.1 at 2016-05-16 18:25:19 -0400

ActionController::RoutingError (No route matches [GET] "/assets/application.ss"):
  web-console (2.0.0.beta3) lib/action_dispatch/debug_exceptions.rb:22:in `middleware_call'
  web-console (2.0.0.beta3) lib/action_dispatch/debug_exceptions.rb:13:in `call'
  actionpack (4.2.2) lib/action_dispatch/middleware/show_exceptions.rb:30:in `call'
  railties (4.2.2) lib/rails/rack/logger.rb:38:in `call_app'
  railties (4.2.2) lib/rails/rack/logger.rb:20:in `block in call'
  activesupport (4.2.2) lib/active_support/tagged_logging.rb:68:in `block in tagged'
  activesupport (4.2.2) lib/active_support/tagged_logging.rb:26:in `tagged'
  activesupport (4.2.2) lib/active_support/tagged_logging.rb:68:in `tagged'
  railties (4.2.2) lib/rails/rack/logger.rb:20:in `call'
  actionpack (4.2.2) lib/action_dispatch/middleware/request_id.rb:21:in `call'
  rack (1.6.4) lib/rack/methodoverride.rb:22:in `call'
  rack (1.6.4) lib/rack/runtime.rb:18:in `call'
  activesupport (4.2.2) lib/active_support/cache/strategy/local_cache_middleware.rb:28:in `call'
  rack (1.6.4) lib/rack/lock.rb:17:in `call'
  actionpack (4.2.2) lib/action_dispatch/middleware/static.rb:113:in `call'
  rack (1.6.4) lib/rack/sendfile.rb:113:in `call'
  railties (4.2.2) lib/rails/engine.rb:518:in `call'
  railties (4.2.2) lib/rails/application.rb:164:in `call'
  rack (1.6.4) lib/rack/lock.rb:17:in `call'
  rack (1.6.4) lib/rack/content_length.rb:15:in `call'
  rack (1.6.4) lib/rack/handler/webrick.rb:88:in `service'
  /home/ryan/.rvm/rubies/ruby-2.3.0/lib/ruby/2.3.0/webrick/httpserver.rb:140:in `service'
  /home/ryan/.rvm/rubies/ruby-2.3.0/lib/ruby/2.3.0/webrick/httpserver.rb:96:in `run'
  /home/ryan/.rvm/rubies/ruby-2.3.0/lib/ruby/2.3.0/webrick/server.rb:296:in `block in start_thread'


  Rendered /home/ryan/.rvm/gems/ruby-2.3.0@rails5.0/gems/web-console-2.0.0.beta3/lib/action_dispatch/templates/rescues/_trace.html.erb (4.6ms)
  Rendered /home/ryan/.rvm/gems/ruby-2.3.0@rails5.0/gems/web-console-2.0.0.beta3/lib/action_dispatch/templates/rescues/routing_error.html.erb within rescues/layout (54.7ms)


Started GET "/assets/application.css" for 127.0.0.1 at 2016-05-16 18:25:24 -0400


Started GET "/" for 127.0.0.1 at 2016-05-17 13:52:11 -0400
Processing by StaticPagesController#home as HTML
  Rendered static_pages/home.html.erb within layouts/application (521.9ms)
Completed 200 OK in 868ms (Views: 761.6ms | ActiveRecord: 0.0ms)


Started GET "/assets/static_pages.self-e3b0c44298fc1c149afbf4c8996fb92427ae41e4649b934ca495991b7852b855.css?body=1" for 127.0.0.1 at 2016-05-17 13:52:13 -0400


Started GET "/assets/jquery_ujs.self-8e98a7a072a6cee1372d19fff9ff3e6aa1e39a37d89d6f06861637d061113ee7.js?body=1" for 127.0.0.1 at 2016-05-17 13:52:13 -0400


Started GET "/assets/application.self-e80e8f2318043e8af94dddc2adad5a4f09739a8ebb323b3ab31cd71d45fd9113.css?body=1" for 127.0.0.1 at 2016-05-17 13:52:13 -0400


Started GET "/assets/jquery.self-d03a5518f45df77341bdbe6201ba3bfa547ebba8ed64f0ea56bfa5f96ea7c074.js?body=1" for 127.0.0.1 at 2016-05-17 13:52:13 -0400


Started GET "/assets/static_pages.self-877aef30ae1b040ab8a3aba4e3e309a11d7f2612f44dde450b5c157aa5f95c05.js?body=1" for 127.0.0.1 at 2016-05-17 13:52:13 -0400


Started GET "/assets/turbolinks.self-c846e670826600e8c91b1a5ada3e6547110d996cd6ff24cde55024f7a135a1b4.js?body=1" for 127.0.0.1 at 2016-05-17 13:52:13 -0400


Started GET "/assets/application.self-3b8dabdc891efe46b9a144b400ad69e37d7e5876bdc39dee783419a69d7ca819.js?body=1" for 127.0.0.1 at 2016-05-17 13:52:13 -0400


Started GET "/assets/rails-c094bc3a4bf50e5bb477109e5cb0d213af27ad75b481c4df249f50974dbeefe6.png" for 127.0.0.1 at 2016-05-17 13:52:13 -0400


Started GET "/" for 127.0.0.1 at 2016-05-17 13:55:11 -0400
Processing by StaticPagesController#home as HTML
  Rendered static_pages/home.html.erb within layouts/application (5.2ms)
Completed 200 OK in 9824ms (Views: 9821.9ms | ActiveRecord: 0.0ms)


Started GET "/assets/custom.self-d302fd5351d31f2fd95e1ba408a9c8235d50f8082ca60bbd1c6fc29adb1699d9.css?body=1" for 127.0.0.1 at 2016-05-17 13:55:21 -0400


Started GET "/assets/jquery_ujs.self-8e98a7a072a6cee1372d19fff9ff3e6aa1e39a37d89d6f06861637d061113ee7.js?body=1" for 127.0.0.1 at 2016-05-17 13:55:21 -0400


Started GET "/assets/application.self-e80e8f2318043e8af94dddc2adad5a4f09739a8ebb323b3ab31cd71d45fd9113.css?body=1" for 127.0.0.1 at 2016-05-17 13:55:21 -0400


Started GET "/assets/jquery.self-d03a5518f45df77341bdbe6201ba3bfa547ebba8ed64f0ea56bfa5f96ea7c074.js?body=1" for 127.0.0.1 at 2016-05-17 13:55:21 -0400


Started GET "/assets/static_pages.self-e3b0c44298fc1c149afbf4c8996fb92427ae41e4649b934ca495991b7852b855.css?body=1" for 127.0.0.1 at 2016-05-17 13:55:21 -0400


Started GET "/assets/turbolinks.self-c846e670826600e8c91b1a5ada3e6547110d996cd6ff24cde55024f7a135a1b4.js?body=1" for 127.0.0.1 at 2016-05-17 13:55:21 -0400


Started GET "/assets/static_pages.self-877aef30ae1b040ab8a3aba4e3e309a11d7f2612f44dde450b5c157aa5f95c05.js?body=1" for 127.0.0.1 at 2016-05-17 13:55:21 -0400


Started GET "/assets/application.self-3b8dabdc891efe46b9a144b400ad69e37d7e5876bdc39dee783419a69d7ca819.js?body=1" for 127.0.0.1 at 2016-05-17 13:55:21 -0400


Started GET "/assets/rails-c094bc3a4bf50e5bb477109e5cb0d213af27ad75b481c4df249f50974dbeefe6.png" for 127.0.0.1 at 2016-05-17 13:55:21 -0400


Started GET "/" for 127.0.0.1 at 2016-05-17 13:58:08 -0400
Processing by StaticPagesController#home as HTML
  Rendered static_pages/home.html.erb within layouts/application (7.2ms)
Completed 500 Internal Server Error in 107ms (ActiveRecord: 0.0ms)

Sass::SyntaxError (Invalid CSS after "...t-align: center": expected ";", was ":"):
  app/assets/stylesheets/custom.css.scss:19
  app/views/layouts/application.html.erb:5:in `_app_views_layouts_application_html_erb__991880198201441225_70158948537580'


  Rendered /home/ryan/.rvm/gems/ruby-2.3.0@rails5.0/gems/web-console-2.0.0.beta3/lib/action_dispatch/templates/rescues/_source.erb (35.5ms)
  Rendered /home/ryan/.rvm/gems/ruby-2.3.0@rails5.0/gems/web-console-2.0.0.beta3/lib/action_dispatch/templates/rescues/_trace.html.erb (17.7ms)
  Rendered /home/ryan/.rvm/gems/ruby-2.3.0@rails5.0/gems/web-console-2.0.0.beta3/lib/action_dispatch/templates/rescues/_request_and_response.html.erb (3.2ms)
  Rendered /home/ryan/.rvm/gems/ruby-2.3.0@rails5.0/gems/web-console-2.0.0.beta3/lib/action_dispatch/templates/rescues/_web_console.html.erb (2.6ms)
  Rendered /home/ryan/.rvm/gems/ruby-2.3.0@rails5.0/gems/web-console-2.0.0.beta3/lib/action_dispatch/templates/rescues/diagnostics.html.erb within rescues/layout (114.9ms)


Started GET "/" for 127.0.0.1 at 2016-05-17 13:58:21 -0400
Processing by StaticPagesController#home as HTML
  Rendered static_pages/home.html.erb within layouts/application (5.9ms)
Completed 200 OK in 4780ms (Views: 4778.4ms | ActiveRecord: 0.0ms)


Started GET "/assets/static_pages.self-e3b0c44298fc1c149afbf4c8996fb92427ae41e4649b934ca495991b7852b855.css?body=1" for 127.0.0.1 at 2016-05-17 13:58:26 -0400


Started GET "/assets/custom.self-7264c64aa0ae3817083a9ab4b4a085f8c6f55552737f6724c11c70ab0afe09a1.css?body=1" for 127.0.0.1 at 2016-05-17 13:58:26 -0400


Started GET "/assets/jquery.self-d03a5518f45df77341bdbe6201ba3bfa547ebba8ed64f0ea56bfa5f96ea7c074.js?body=1" for 127.0.0.1 at 2016-05-17 13:58:26 -0400


Started GET "/assets/application.self-e80e8f2318043e8af94dddc2adad5a4f09739a8ebb323b3ab31cd71d45fd9113.css?body=1" for 127.0.0.1 at 2016-05-17 13:58:26 -0400


Started GET "/assets/jquery_ujs.self-8e98a7a072a6cee1372d19fff9ff3e6aa1e39a37d89d6f06861637d061113ee7.js?body=1" for 127.0.0.1 at 2016-05-17 13:58:26 -0400


Started GET "/assets/turbolinks.self-c846e670826600e8c91b1a5ada3e6547110d996cd6ff24cde55024f7a135a1b4.js?body=1" for 127.0.0.1 at 2016-05-17 13:58:26 -0400


Started GET "/assets/static_pages.self-877aef30ae1b040ab8a3aba4e3e309a11d7f2612f44dde450b5c157aa5f95c05.js?body=1" for 127.0.0.1 at 2016-05-17 13:58:26 -0400


Started GET "/assets/application.self-3b8dabdc891efe46b9a144b400ad69e37d7e5876bdc39dee783419a69d7ca819.js?body=1" for 127.0.0.1 at 2016-05-17 13:58:26 -0400


Started GET "/assets/rails-c094bc3a4bf50e5bb477109e5cb0d213af27ad75b481c4df249f50974dbeefe6.png" for 127.0.0.1 at 2016-05-17 13:58:26 -0400


Started GET "/" for 127.0.0.1 at 2016-05-17 14:00:27 -0400
Processing by StaticPagesController#home as HTML
  Rendered static_pages/home.html.erb within layouts/application (4.9ms)
Completed 500 Internal Server Error in 76ms (ActiveRecord: 0.0ms)

Sass::SyntaxError (Invalid CSS after "    margin-bottom": expected "{", was "; 30px;"):
  app/assets/stylesheets/custom.css.scss:42
  app/views/layouts/application.html.erb:5:in `_app_views_layouts_application_html_erb__991880198201441225_70158948537580'


  Rendered /home/ryan/.rvm/gems/ruby-2.3.0@rails5.0/gems/web-console-2.0.0.beta3/lib/action_dispatch/templates/rescues/_source.erb (35.1ms)
  Rendered /home/ryan/.rvm/gems/ruby-2.3.0@rails5.0/gems/web-console-2.0.0.beta3/lib/action_dispatch/templates/rescues/_trace.html.erb (13.3ms)
  Rendered /home/ryan/.rvm/gems/ruby-2.3.0@rails5.0/gems/web-console-2.0.0.beta3/lib/action_dispatch/templates/rescues/_request_and_response.html.erb (3.1ms)
  Rendered /home/ryan/.rvm/gems/ruby-2.3.0@rails5.0/gems/web-console-2.0.0.beta3/lib/action_dispatch/templates/rescues/_web_console.html.erb (2.3ms)
  Rendered /home/ryan/.rvm/gems/ruby-2.3.0@rails5.0/gems/web-console-2.0.0.beta3/lib/action_dispatch/templates/rescues/diagnostics.html.erb within rescues/layout (98.6ms)


Started GET "/" for 127.0.0.1 at 2016-05-17 14:01:01 -0400
Processing by StaticPagesController#home as HTML
  Rendered static_pages/home.html.erb within layouts/application (5.2ms)
Completed 200 OK in 5100ms (Views: 5097.8ms | ActiveRecord: 0.0ms)


Started GET "/assets/custom.self-96656e4f9deb4579a72b6ea9106d05db4316485c7f82727960f4a19601402ff2.css?body=1" for 127.0.0.1 at 2016-05-17 14:01:06 -0400


Started GET "/assets/jquery.self-d03a5518f45df77341bdbe6201ba3bfa547ebba8ed64f0ea56bfa5f96ea7c074.js?body=1" for 127.0.0.1 at 2016-05-17 14:01:06 -0400


Started GET "/assets/application.self-e80e8f2318043e8af94dddc2adad5a4f09739a8ebb323b3ab31cd71d45fd9113.css?body=1" for 127.0.0.1 at 2016-05-17 14:01:06 -0400


Started GET "/assets/static_pages.self-e3b0c44298fc1c149afbf4c8996fb92427ae41e4649b934ca495991b7852b855.css?body=1" for 127.0.0.1 at 2016-05-17 14:01:06 -0400


Started GET "/assets/jquery_ujs.self-8e98a7a072a6cee1372d19fff9ff3e6aa1e39a37d89d6f06861637d061113ee7.js?body=1" for 127.0.0.1 at 2016-05-17 14:01:06 -0400


Started GET "/assets/turbolinks.self-c846e670826600e8c91b1a5ada3e6547110d996cd6ff24cde55024f7a135a1b4.js?body=1" for 127.0.0.1 at 2016-05-17 14:01:06 -0400


Started GET "/assets/static_pages.self-877aef30ae1b040ab8a3aba4e3e309a11d7f2612f44dde450b5c157aa5f95c05.js?body=1" for 127.0.0.1 at 2016-05-17 14:01:06 -0400


Started GET "/assets/rails-c094bc3a4bf50e5bb477109e5cb0d213af27ad75b481c4df249f50974dbeefe6.png" for 127.0.0.1 at 2016-05-17 14:01:06 -0400


Started GET "/assets/application.self-3b8dabdc891efe46b9a144b400ad69e37d7e5876bdc39dee783419a69d7ca819.js?body=1" for 127.0.0.1 at 2016-05-17 14:01:06 -0400


Started GET "/" for 127.0.0.1 at 2016-05-17 14:02:44 -0400
Processing by StaticPagesController#home as HTML
  Rendered static_pages/home.html.erb within layouts/application (5.2ms)
Completed 200 OK in 4665ms (Views: 4663.0ms | ActiveRecord: 0.0ms)


Started GET "/assets/custom.self-f5863f8d69ec765e80dd036439dce44de9dba7a61bb79459e85d32b8f44bd9e0.css?body=1" for 127.0.0.1 at 2016-05-17 14:02:49 -0400


Started GET "/assets/jquery.self-d03a5518f45df77341bdbe6201ba3bfa547ebba8ed64f0ea56bfa5f96ea7c074.js?body=1" for 127.0.0.1 at 2016-05-17 14:02:49 -0400


Started GET "/assets/application.self-e80e8f2318043e8af94dddc2adad5a4f09739a8ebb323b3ab31cd71d45fd9113.css?body=1" for 127.0.0.1 at 2016-05-17 14:02:49 -0400


Started GET "/assets/static_pages.self-e3b0c44298fc1c149afbf4c8996fb92427ae41e4649b934ca495991b7852b855.css?body=1" for 127.0.0.1 at 2016-05-17 14:02:49 -0400


Started GET "/assets/jquery_ujs.self-8e98a7a072a6cee1372d19fff9ff3e6aa1e39a37d89d6f06861637d061113ee7.js?body=1" for 127.0.0.1 at 2016-05-17 14:02:49 -0400


Started GET "/assets/turbolinks.self-c846e670826600e8c91b1a5ada3e6547110d996cd6ff24cde55024f7a135a1b4.js?body=1" for 127.0.0.1 at 2016-05-17 14:02:49 -0400


Started GET "/assets/static_pages.self-877aef30ae1b040ab8a3aba4e3e309a11d7f2612f44dde450b5c157aa5f95c05.js?body=1" for 127.0.0.1 at 2016-05-17 14:02:49 -0400


Started GET "/assets/application.self-3b8dabdc891efe46b9a144b400ad69e37d7e5876bdc39dee783419a69d7ca819.js?body=1" for 127.0.0.1 at 2016-05-17 14:02:49 -0400


Started GET "/assets/rails-c094bc3a4bf50e5bb477109e5cb0d213af27ad75b481c4df249f50974dbeefe6.png" for 127.0.0.1 at 2016-05-17 14:02:49 -0400


Started GET "/" for 127.0.0.1 at 2016-05-17 14:03:01 -0400
Processing by StaticPagesController#home as HTML
  Rendered static_pages/home.html.erb within layouts/application (6.4ms)
Completed 200 OK in 105ms (Views: 103.8ms | ActiveRecord: 0.0ms)


Started GET "/" for 127.0.0.1 at 2016-05-17 14:11:46 -0400
Processing by StaticPagesController#home as HTML
  Rendered static_pages/home.html.erb within layouts/application (6.1ms)
  Rendered layouts/_shim.html.erb (1.1ms)
  Rendered layouts/_header.html.erb (1.8ms)
  Rendered layouts/_footer.html.erb (1.5ms)
Completed 200 OK in 4788ms (Views: 4786.1ms | ActiveRecord: 0.0ms)


Started GET "/assets/custom.self-b7f589b5126f3a72e84e1d5edcb50982e1580eb4f0c2c5946dd5c4a6fae86070.css?body=1" for 127.0.0.1 at 2016-05-17 14:11:51 -0400


Started GET "/assets/jquery_ujs.self-8e98a7a072a6cee1372d19fff9ff3e6aa1e39a37d89d6f06861637d061113ee7.js?body=1" for 127.0.0.1 at 2016-05-17 14:11:51 -0400


Started GET "/assets/static_pages.self-e3b0c44298fc1c149afbf4c8996fb92427ae41e4649b934ca495991b7852b855.css?body=1" for 127.0.0.1 at 2016-05-17 14:11:51 -0400


Started GET "/assets/application.self-e80e8f2318043e8af94dddc2adad5a4f09739a8ebb323b3ab31cd71d45fd9113.css?body=1" for 127.0.0.1 at 2016-05-17 14:11:51 -0400


Started GET "/assets/jquery.self-d03a5518f45df77341bdbe6201ba3bfa547ebba8ed64f0ea56bfa5f96ea7c074.js?body=1" for 127.0.0.1 at 2016-05-17 14:11:51 -0400


Started GET "/assets/turbolinks.self-c846e670826600e8c91b1a5ada3e6547110d996cd6ff24cde55024f7a135a1b4.js?body=1" for 127.0.0.1 at 2016-05-17 14:11:51 -0400


Started GET "/assets/static_pages.self-877aef30ae1b040ab8a3aba4e3e309a11d7f2612f44dde450b5c157aa5f95c05.js?body=1" for 127.0.0.1 at 2016-05-17 14:11:51 -0400


Started GET "/assets/application.self-3b8dabdc891efe46b9a144b400ad69e37d7e5876bdc39dee783419a69d7ca819.js?body=1" for 127.0.0.1 at 2016-05-17 14:11:51 -0400


Started GET "/assets/rails-c094bc3a4bf50e5bb477109e5cb0d213af27ad75b481c4df249f50974dbeefe6.png" for 127.0.0.1 at 2016-05-17 14:11:51 -0400


Started GET "/" for 127.0.0.1 at 2016-05-17 14:12:49 -0400
Processing by StaticPagesController#home as HTML
  Rendered static_pages/home.html.erb within layouts/application (5.5ms)
Completed 500 Internal Server Error in 98ms (ActiveRecord: 0.0ms)

Sass::SyntaxError (Invalid CSS after "    float: left": expected ";", was ":"):
  app/assets/stylesheets/custom.css.scss:98
  app/views/layouts/application.html.erb:5:in `_app_views_layouts_application_html_erb__991880198201441225_70158596232380'


  Rendered /home/ryan/.rvm/gems/ruby-2.3.0@rails5.0/gems/web-console-2.0.0.beta3/lib/action_dispatch/templates/rescues/_source.erb (44.2ms)
  Rendered /home/ryan/.rvm/gems/ruby-2.3.0@rails5.0/gems/web-console-2.0.0.beta3/lib/action_dispatch/templates/rescues/_trace.html.erb (17.3ms)
  Rendered /home/ryan/.rvm/gems/ruby-2.3.0@rails5.0/gems/web-console-2.0.0.beta3/lib/action_dispatch/templates/rescues/_request_and_response.html.erb (3.3ms)
  Rendered /home/ryan/.rvm/gems/ruby-2.3.0@rails5.0/gems/web-console-2.0.0.beta3/lib/action_dispatch/templates/rescues/_web_console.html.erb (2.7ms)
  Rendered /home/ryan/.rvm/gems/ruby-2.3.0@rails5.0/gems/web-console-2.0.0.beta3/lib/action_dispatch/templates/rescues/diagnostics.html.erb within rescues/layout (119.5ms)


Started GET "/" for 127.0.0.1 at 2016-05-17 14:13:03 -0400
Processing by StaticPagesController#home as HTML
  Rendered static_pages/home.html.erb within layouts/application (5.0ms)
  Rendered layouts/_shim.html.erb (0.3ms)
  Rendered layouts/_header.html.erb (0.6ms)
  Rendered layouts/_footer.html.erb (0.4ms)
Completed 200 OK in 4744ms (Views: 4742.1ms | ActiveRecord: 0.0ms)


Started GET "/assets/custom.self-b8eadec67d69f932e433324b8d983498a2cbfae93357c06f71a37b6421913f2f.css?body=1" for 127.0.0.1 at 2016-05-17 14:13:08 -0400


Started GET "/assets/static_pages.self-e3b0c44298fc1c149afbf4c8996fb92427ae41e4649b934ca495991b7852b855.css?body=1" for 127.0.0.1 at 2016-05-17 14:13:08 -0400


Started GET "/assets/jquery_ujs.self-8e98a7a072a6cee1372d19fff9ff3e6aa1e39a37d89d6f06861637d061113ee7.js?body=1" for 127.0.0.1 at 2016-05-17 14:13:09 -0400


Started GET "/assets/application.self-e80e8f2318043e8af94dddc2adad5a4f09739a8ebb323b3ab31cd71d45fd9113.css?body=1" for 127.0.0.1 at 2016-05-17 14:13:09 -0400


Started GET "/assets/jquery.self-d03a5518f45df77341bdbe6201ba3bfa547ebba8ed64f0ea56bfa5f96ea7c074.js?body=1" for 127.0.0.1 at 2016-05-17 14:13:09 -0400


Started GET "/assets/turbolinks.self-c846e670826600e8c91b1a5ada3e6547110d996cd6ff24cde55024f7a135a1b4.js?body=1" for 127.0.0.1 at 2016-05-17 14:13:09 -0400


Started GET "/assets/static_pages.self-877aef30ae1b040ab8a3aba4e3e309a11d7f2612f44dde450b5c157aa5f95c05.js?body=1" for 127.0.0.1 at 2016-05-17 14:13:09 -0400


Started GET "/assets/rails-c094bc3a4bf50e5bb477109e5cb0d213af27ad75b481c4df249f50974dbeefe6.png" for 127.0.0.1 at 2016-05-17 14:13:09 -0400


Started GET "/assets/application.self-3b8dabdc891efe46b9a144b400ad69e37d7e5876bdc39dee783419a69d7ca819.js?body=1" for 127.0.0.1 at 2016-05-17 14:13:09 -0400


Started GET "/" for 127.0.0.1 at 2016-05-17 14:26:09 -0400
Processing by StaticPagesController#home as HTML
  Rendered static_pages/home.html.erb within layouts/application (4.9ms)
  Rendered layouts/_shim.html.erb (0.2ms)
  Rendered layouts/_header.html.erb (0.5ms)
  Rendered layouts/_footer.html.erb (0.3ms)
Completed 200 OK in 4994ms (Views: 4992.1ms | ActiveRecord: 0.0ms)


Started GET "/assets/custom.self-201250da1f1e5ca69d1d030423209f7360c54fb64a09662e0737cc0a8dea90c6.css?body=1" for 127.0.0.1 at 2016-05-17 14:26:14 -0400


Started GET "/assets/turbolinks.self-c846e670826600e8c91b1a5ada3e6547110d996cd6ff24cde55024f7a135a1b4.js?body=1" for 127.0.0.1 at 2016-05-17 14:26:14 -0400


Started GET "/assets/static_pages.self-e3b0c44298fc1c149afbf4c8996fb92427ae41e4649b934ca495991b7852b855.css?body=1" for 127.0.0.1 at 2016-05-17 14:26:14 -0400


Started GET "/assets/jquery.self-d03a5518f45df77341bdbe6201ba3bfa547ebba8ed64f0ea56bfa5f96ea7c074.js?body=1" for 127.0.0.1 at 2016-05-17 14:26:14 -0400


Started GET "/assets/application.self-e80e8f2318043e8af94dddc2adad5a4f09739a8ebb323b3ab31cd71d45fd9113.css?body=1" for 127.0.0.1 at 2016-05-17 14:26:14 -0400


Started GET "/assets/jquery_ujs.self-8e98a7a072a6cee1372d19fff9ff3e6aa1e39a37d89d6f06861637d061113ee7.js?body=1" for 127.0.0.1 at 2016-05-17 14:26:14 -0400


Started GET "/assets/static_pages.self-877aef30ae1b040ab8a3aba4e3e309a11d7f2612f44dde450b5c157aa5f95c05.js?body=1" for 127.0.0.1 at 2016-05-17 14:26:14 -0400


Started GET "/assets/application.self-3b8dabdc891efe46b9a144b400ad69e37d7e5876bdc39dee783419a69d7ca819.js?body=1" for 127.0.0.1 at 2016-05-17 14:26:14 -0400


Started GET "/assets/rails-c094bc3a4bf50e5bb477109e5cb0d213af27ad75b481c4df249f50974dbeefe6.png" for 127.0.0.1 at 2016-05-17 14:26:14 -0400


Started GET "/" for 127.0.0.1 at 2016-05-17 14:26:31 -0400
Processing by StaticPagesController#home as HTML
  Rendered static_pages/home.html.erb within layouts/application (5.1ms)
  Rendered layouts/_shim.html.erb (0.1ms)
  Rendered layouts/_header.html.erb (0.5ms)
  Rendered layouts/_footer.html.erb (0.3ms)
Completed 200 OK in 106ms (Views: 104.0ms | ActiveRecord: 0.0ms)


Started GET "/assets/custom.self-201250da1f1e5ca69d1d030423209f7360c54fb64a09662e0737cc0a8dea90c6.css?body=1" for 127.0.0.1 at 2016-05-17 14:26:31 -0400


Started GET "/assets/application.self-e80e8f2318043e8af94dddc2adad5a4f09739a8ebb323b3ab31cd71d45fd9113.css?body=1" for 127.0.0.1 at 2016-05-17 14:26:31 -0400


Started GET "/assets/static_pages.self-e3b0c44298fc1c149afbf4c8996fb92427ae41e4649b934ca495991b7852b855.css?body=1" for 127.0.0.1 at 2016-05-17 14:26:31 -0400


Started GET "/assets/jquery_ujs.self-8e98a7a072a6cee1372d19fff9ff3e6aa1e39a37d89d6f06861637d061113ee7.js?body=1" for 127.0.0.1 at 2016-05-17 14:26:31 -0400


Started GET "/assets/jquery.self-d03a5518f45df77341bdbe6201ba3bfa547ebba8ed64f0ea56bfa5f96ea7c074.js?body=1" for 127.0.0.1 at 2016-05-17 14:26:31 -0400


Started GET "/assets/turbolinks.self-c846e670826600e8c91b1a5ada3e6547110d996cd6ff24cde55024f7a135a1b4.js?body=1" for 127.0.0.1 at 2016-05-17 14:26:31 -0400


Started GET "/assets/static_pages.self-877aef30ae1b040ab8a3aba4e3e309a11d7f2612f44dde450b5c157aa5f95c05.js?body=1" for 127.0.0.1 at 2016-05-17 14:26:31 -0400


Started GET "/assets/application.self-3b8dabdc891efe46b9a144b400ad69e37d7e5876bdc39dee783419a69d7ca819.js?body=1" for 127.0.0.1 at 2016-05-17 14:26:31 -0400


Started GET "/assets/rails-c094bc3a4bf50e5bb477109e5cb0d213af27ad75b481c4df249f50974dbeefe6.png" for 127.0.0.1 at 2016-05-17 14:26:31 -0400


Started GET "/" for 127.0.0.1 at 2016-05-17 14:33:39 -0400
Processing by StaticPagesController#home as HTML
  Rendered static_pages/home.html.erb within layouts/application (5.5ms)
  Rendered layouts/_shim.html.erb (0.1ms)
  Rendered layouts/_header.html.erb (2.4ms)
  Rendered layouts/_footer.html.erb (1.5ms)
Completed 200 OK in 101ms (Views: 99.6ms | ActiveRecord: 0.0ms)


Started GET "/assets/custom.self-201250da1f1e5ca69d1d030423209f7360c54fb64a09662e0737cc0a8dea90c6.css?body=1" for 127.0.0.1 at 2016-05-17 14:33:40 -0400


Started GET "/assets/static_pages.self-e3b0c44298fc1c149afbf4c8996fb92427ae41e4649b934ca495991b7852b855.css?body=1" for 127.0.0.1 at 2016-05-17 14:33:40 -0400


Started GET "/assets/application.self-e80e8f2318043e8af94dddc2adad5a4f09739a8ebb323b3ab31cd71d45fd9113.css?body=1" for 127.0.0.1 at 2016-05-17 14:33:40 -0400


Started GET "/assets/jquery.self-d03a5518f45df77341bdbe6201ba3bfa547ebba8ed64f0ea56bfa5f96ea7c074.js?body=1" for 127.0.0.1 at 2016-05-17 14:33:40 -0400


Started GET "/assets/jquery_ujs.self-8e98a7a072a6cee1372d19fff9ff3e6aa1e39a37d89d6f06861637d061113ee7.js?body=1" for 127.0.0.1 at 2016-05-17 14:33:40 -0400


Started GET "/assets/turbolinks.self-c846e670826600e8c91b1a5ada3e6547110d996cd6ff24cde55024f7a135a1b4.js?body=1" for 127.0.0.1 at 2016-05-17 14:33:40 -0400


Started GET "/assets/application.self-3b8dabdc891efe46b9a144b400ad69e37d7e5876bdc39dee783419a69d7ca819.js?body=1" for 127.0.0.1 at 2016-05-17 14:33:40 -0400


Started GET "/assets/static_pages.self-877aef30ae1b040ab8a3aba4e3e309a11d7f2612f44dde450b5c157aa5f95c05.js?body=1" for 127.0.0.1 at 2016-05-17 14:33:40 -0400


Started GET "/assets/rails-c094bc3a4bf50e5bb477109e5cb0d213af27ad75b481c4df249f50974dbeefe6.png" for 127.0.0.1 at 2016-05-17 14:33:40 -0400


Started GET "/about" for 127.0.0.1 at 2016-05-17 14:33:46 -0400

ActionController::RoutingError (uninitialized constant StaticPages):
  activesupport (4.2.2) lib/active_support/inflector/methods.rb:261:in `const_get'
  activesupport (4.2.2) lib/active_support/inflector/methods.rb:261:in `block in constantize'
  activesupport (4.2.2) lib/active_support/inflector/methods.rb:259:in `each'
  activesupport (4.2.2) lib/active_support/inflector/methods.rb:259:in `inject'
  activesupport (4.2.2) lib/active_support/inflector/methods.rb:259:in `constantize'
  actionpack (4.2.2) lib/action_dispatch/routing/route_set.rb:70:in `controller_reference'
  actionpack (4.2.2) lib/action_dispatch/routing/route_set.rb:60:in `controller'
  actionpack (4.2.2) lib/action_dispatch/routing/route_set.rb:39:in `serve'
  actionpack (4.2.2) lib/action_dispatch/journey/router.rb:43:in `block in serve'
  actionpack (4.2.2) lib/action_dispatch/journey/router.rb:30:in `each'
  actionpack (4.2.2) lib/action_dispatch/journey/router.rb:30:in `serve'
  actionpack (4.2.2) lib/action_dispatch/routing/route_set.rb:819:in `call'
  rack (1.6.4) lib/rack/etag.rb:24:in `call'
  rack (1.6.4) lib/rack/conditionalget.rb:25:in `call'
  rack (1.6.4) lib/rack/head.rb:13:in `call'
  actionpack (4.2.2) lib/action_dispatch/middleware/params_parser.rb:27:in `call'
  actionpack (4.2.2) lib/action_dispatch/middleware/flash.rb:260:in `call'
  rack (1.6.4) lib/rack/session/abstract/id.rb:225:in `context'
  rack (1.6.4) lib/rack/session/abstract/id.rb:220:in `call'
  actionpack (4.2.2) lib/action_dispatch/middleware/cookies.rb:560:in `call'
  activerecord (4.2.2) lib/active_record/query_cache.rb:36:in `call'
  activerecord (4.2.2) lib/active_record/connection_adapters/abstract/connection_pool.rb:649:in `call'
  activerecord (4.2.2) lib/active_record/migration.rb:378:in `call'
  actionpack (4.2.2) lib/action_dispatch/middleware/callbacks.rb:29:in `block in call'
  activesupport (4.2.2) lib/active_support/callbacks.rb:88:in `_run_callbacks'
  activesupport (4.2.2) lib/active_support/callbacks.rb:776:in `_run_call_callbacks'
  activesupport (4.2.2) lib/active_support/callbacks.rb:81:in `run_callbacks'
  actionpack (4.2.2) lib/action_dispatch/middleware/callbacks.rb:27:in `call'
  actionpack (4.2.2) lib/action_dispatch/middleware/reloader.rb:73:in `call'
  actionpack (4.2.2) lib/action_dispatch/middleware/remote_ip.rb:78:in `call'
  web-console (2.0.0.beta3) lib/action_dispatch/debug_exceptions.rb:18:in `middleware_call'
  web-console (2.0.0.beta3) lib/action_dispatch/debug_exceptions.rb:13:in `call'
  actionpack (4.2.2) lib/action_dispatch/middleware/show_exceptions.rb:30:in `call'
  railties (4.2.2) lib/rails/rack/logger.rb:38:in `call_app'
  railties (4.2.2) lib/rails/rack/logger.rb:20:in `block in call'
  activesupport (4.2.2) lib/active_support/tagged_logging.rb:68:in `block in tagged'
  activesupport (4.2.2) lib/active_support/tagged_logging.rb:26:in `tagged'
  activesupport (4.2.2) lib/active_support/tagged_logging.rb:68:in `tagged'
  railties (4.2.2) lib/rails/rack/logger.rb:20:in `call'
  actionpack (4.2.2) lib/action_dispatch/middleware/request_id.rb:21:in `call'
  rack (1.6.4) lib/rack/methodoverride.rb:22:in `call'
  rack (1.6.4) lib/rack/runtime.rb:18:in `call'
  activesupport (4.2.2) lib/active_support/cache/strategy/local_cache_middleware.rb:28:in `call'
  rack (1.6.4) lib/rack/lock.rb:17:in `call'
  actionpack (4.2.2) lib/action_dispatch/middleware/static.rb:113:in `call'
  rack (1.6.4) lib/rack/sendfile.rb:113:in `call'
  railties (4.2.2) lib/rails/engine.rb:518:in `call'
  railties (4.2.2) lib/rails/application.rb:164:in `call'
  rack (1.6.4) lib/rack/lock.rb:17:in `call'
  rack (1.6.4) lib/rack/content_length.rb:15:in `call'
  rack (1.6.4) lib/rack/handler/webrick.rb:88:in `service'
  /home/ryan/.rvm/rubies/ruby-2.3.0/lib/ruby/2.3.0/webrick/httpserver.rb:140:in `service'
  /home/ryan/.rvm/rubies/ruby-2.3.0/lib/ruby/2.3.0/webrick/httpserver.rb:96:in `run'
  /home/ryan/.rvm/rubies/ruby-2.3.0/lib/ruby/2.3.0/webrick/server.rb:296:in `block in start_thread'


  Rendered /home/ryan/.rvm/gems/ruby-2.3.0@rails5.0/gems/web-console-2.0.0.beta3/lib/action_dispatch/templates/rescues/_trace.html.erb (6.0ms)
  Rendered /home/ryan/.rvm/gems/ruby-2.3.0@rails5.0/gems/web-console-2.0.0.beta3/lib/action_dispatch/templates/rescues/routing_error.html.erb within rescues/layout (35.5ms)


Started GET "/" for 127.0.0.1 at 2016-05-17 14:33:54 -0400
Processing by StaticPagesController#home as HTML
  Rendered static_pages/home.html.erb within layouts/application (5.0ms)
  Rendered layouts/_shim.html.erb (0.2ms)
  Rendered layouts/_header.html.erb (1.0ms)
  Rendered layouts/_footer.html.erb (0.5ms)
Completed 200 OK in 105ms (Views: 103.0ms | ActiveRecord: 0.0ms)


Started GET "/users" for 127.0.0.1 at 2016-05-17 14:34:01 -0400

ActionController::RoutingError (No route matches [GET] "/users"):
  web-console (2.0.0.beta3) lib/action_dispatch/debug_exceptions.rb:22:in `middleware_call'
  web-console (2.0.0.beta3) lib/action_dispatch/debug_exceptions.rb:13:in `call'
  actionpack (4.2.2) lib/action_dispatch/middleware/show_exceptions.rb:30:in `call'
  railties (4.2.2) lib/rails/rack/logger.rb:38:in `call_app'
  railties (4.2.2) lib/rails/rack/logger.rb:20:in `block in call'
  activesupport (4.2.2) lib/active_support/tagged_logging.rb:68:in `block in tagged'
  activesupport (4.2.2) lib/active_support/tagged_logging.rb:26:in `tagged'
  activesupport (4.2.2) lib/active_support/tagged_logging.rb:68:in `tagged'
  railties (4.2.2) lib/rails/rack/logger.rb:20:in `call'
  actionpack (4.2.2) lib/action_dispatch/middleware/request_id.rb:21:in `call'
  rack (1.6.4) lib/rack/methodoverride.rb:22:in `call'
  rack (1.6.4) lib/rack/runtime.rb:18:in `call'
  activesupport (4.2.2) lib/active_support/cache/strategy/local_cache_middleware.rb:28:in `call'
  rack (1.6.4) lib/rack/lock.rb:17:in `call'
  actionpack (4.2.2) lib/action_dispatch/middleware/static.rb:113:in `call'
  rack (1.6.4) lib/rack/sendfile.rb:113:in `call'
  railties (4.2.2) lib/rails/engine.rb:518:in `call'
  railties (4.2.2) lib/rails/application.rb:164:in `call'
  rack (1.6.4) lib/rack/lock.rb:17:in `call'
  rack (1.6.4) lib/rack/content_length.rb:15:in `call'
  rack (1.6.4) lib/rack/handler/webrick.rb:88:in `service'
  /home/ryan/.rvm/rubies/ruby-2.3.0/lib/ruby/2.3.0/webrick/httpserver.rb:140:in `service'
  /home/ryan/.rvm/rubies/ruby-2.3.0/lib/ruby/2.3.0/webrick/httpserver.rb:96:in `run'
  /home/ryan/.rvm/rubies/ruby-2.3.0/lib/ruby/2.3.0/webrick/server.rb:296:in `block in start_thread'


  Rendered /home/ryan/.rvm/gems/ruby-2.3.0@rails5.0/gems/web-console-2.0.0.beta3/lib/action_dispatch/templates/rescues/_trace.html.erb (4.8ms)
  Rendered /home/ryan/.rvm/gems/ruby-2.3.0@rails5.0/gems/web-console-2.0.0.beta3/lib/action_dispatch/templates/rescues/routing_error.html.erb within rescues/layout (37.5ms)


Started GET "/contact" for 127.0.0.1 at 2016-05-17 14:34:18 -0400

ActionController::RoutingError (uninitialized constant StaticPages):
  activesupport (4.2.2) lib/active_support/inflector/methods.rb:261:in `const_get'
  activesupport (4.2.2) lib/active_support/inflector/methods.rb:261:in `block in constantize'
  activesupport (4.2.2) lib/active_support/inflector/methods.rb:259:in `each'
  activesupport (4.2.2) lib/active_support/inflector/methods.rb:259:in `inject'
  activesupport (4.2.2) lib/active_support/inflector/methods.rb:259:in `constantize'
  actionpack (4.2.2) lib/action_dispatch/routing/route_set.rb:70:in `controller_reference'
  actionpack (4.2.2) lib/action_dispatch/routing/route_set.rb:60:in `controller'
  actionpack (4.2.2) lib/action_dispatch/routing/route_set.rb:39:in `serve'
  actionpack (4.2.2) lib/action_dispatch/journey/router.rb:43:in `block in serve'
  actionpack (4.2.2) lib/action_dispatch/journey/router.rb:30:in `each'
  actionpack (4.2.2) lib/action_dispatch/journey/router.rb:30:in `serve'
  actionpack (4.2.2) lib/action_dispatch/routing/route_set.rb:819:in `call'
  rack (1.6.4) lib/rack/etag.rb:24:in `call'
  rack (1.6.4) lib/rack/conditionalget.rb:25:in `call'
  rack (1.6.4) lib/rack/head.rb:13:in `call'
  actionpack (4.2.2) lib/action_dispatch/middleware/params_parser.rb:27:in `call'
  actionpack (4.2.2) lib/action_dispatch/middleware/flash.rb:260:in `call'
  rack (1.6.4) lib/rack/session/abstract/id.rb:225:in `context'
  rack (1.6.4) lib/rack/session/abstract/id.rb:220:in `call'
  actionpack (4.2.2) lib/action_dispatch/middleware/cookies.rb:560:in `call'
  activerecord (4.2.2) lib/active_record/query_cache.rb:36:in `call'
  activerecord (4.2.2) lib/active_record/connection_adapters/abstract/connection_pool.rb:649:in `call'
  activerecord (4.2.2) lib/active_record/migration.rb:378:in `call'
  actionpack (4.2.2) lib/action_dispatch/middleware/callbacks.rb:29:in `block in call'
  activesupport (4.2.2) lib/active_support/callbacks.rb:88:in `_run_callbacks'
  activesupport (4.2.2) lib/active_support/callbacks.rb:776:in `_run_call_callbacks'
  activesupport (4.2.2) lib/active_support/callbacks.rb:81:in `run_callbacks'
  actionpack (4.2.2) lib/action_dispatch/middleware/callbacks.rb:27:in `call'
  actionpack (4.2.2) lib/action_dispatch/middleware/reloader.rb:73:in `call'
  actionpack (4.2.2) lib/action_dispatch/middleware/remote_ip.rb:78:in `call'
  web-console (2.0.0.beta3) lib/action_dispatch/debug_exceptions.rb:18:in `middleware_call'
  web-console (2.0.0.beta3) lib/action_dispatch/debug_exceptions.rb:13:in `call'
  actionpack (4.2.2) lib/action_dispatch/middleware/show_exceptions.rb:30:in `call'
  railties (4.2.2) lib/rails/rack/logger.rb:38:in `call_app'
  railties (4.2.2) lib/rails/rack/logger.rb:20:in `block in call'
  activesupport (4.2.2) lib/active_support/tagged_logging.rb:68:in `block in tagged'
  activesupport (4.2.2) lib/active_support/tagged_logging.rb:26:in `tagged'
  activesupport (4.2.2) lib/active_support/tagged_logging.rb:68:in `tagged'
  railties (4.2.2) lib/rails/rack/logger.rb:20:in `call'
  actionpack (4.2.2) lib/action_dispatch/middleware/request_id.rb:21:in `call'
  rack (1.6.4) lib/rack/methodoverride.rb:22:in `call'
  rack (1.6.4) lib/rack/runtime.rb:18:in `call'
  activesupport (4.2.2) lib/active_support/cache/strategy/local_cache_middleware.rb:28:in `call'
  rack (1.6.4) lib/rack/lock.rb:17:in `call'
  actionpack (4.2.2) lib/action_dispatch/middleware/static.rb:113:in `call'
  rack (1.6.4) lib/rack/sendfile.rb:113:in `call'
  railties (4.2.2) lib/rails/engine.rb:518:in `call'
  railties (4.2.2) lib/rails/application.rb:164:in `call'
  rack (1.6.4) lib/rack/lock.rb:17:in `call'
  rack (1.6.4) lib/rack/content_length.rb:15:in `call'
  rack (1.6.4) lib/rack/handler/webrick.rb:88:in `service'
  /home/ryan/.rvm/rubies/ruby-2.3.0/lib/ruby/2.3.0/webrick/httpserver.rb:140:in `service'
  /home/ryan/.rvm/rubies/ruby-2.3.0/lib/ruby/2.3.0/webrick/httpserver.rb:96:in `run'
  /home/ryan/.rvm/rubies/ruby-2.3.0/lib/ruby/2.3.0/webrick/server.rb:296:in `block in start_thread'


  Rendered /home/ryan/.rvm/gems/ruby-2.3.0@rails5.0/gems/web-console-2.0.0.beta3/lib/action_dispatch/templates/rescues/_trace.html.erb (7.1ms)
  Rendered /home/ryan/.rvm/gems/ruby-2.3.0@rails5.0/gems/web-console-2.0.0.beta3/lib/action_dispatch/templates/rescues/routing_error.html.erb within rescues/layout (40.5ms)


Started GET "/contact" for 127.0.0.1 at 2016-05-17 14:35:03 -0400

ActionController::RoutingError (uninitialized constant StaticPages):
  activesupport (4.2.2) lib/active_support/inflector/methods.rb:261:in `const_get'
  activesupport (4.2.2) lib/active_support/inflector/methods.rb:261:in `block in constantize'
  activesupport (4.2.2) lib/active_support/inflector/methods.rb:259:in `each'
  activesupport (4.2.2) lib/active_support/inflector/methods.rb:259:in `inject'
  activesupport (4.2.2) lib/active_support/inflector/methods.rb:259:in `constantize'
  actionpack (4.2.2) lib/action_dispatch/routing/route_set.rb:70:in `controller_reference'
  actionpack (4.2.2) lib/action_dispatch/routing/route_set.rb:60:in `controller'
  actionpack (4.2.2) lib/action_dispatch/routing/route_set.rb:39:in `serve'
  actionpack (4.2.2) lib/action_dispatch/journey/router.rb:43:in `block in serve'
  actionpack (4.2.2) lib/action_dispatch/journey/router.rb:30:in `each'
  actionpack (4.2.2) lib/action_dispatch/journey/router.rb:30:in `serve'
  actionpack (4.2.2) lib/action_dispatch/routing/route_set.rb:819:in `call'
  rack (1.6.4) lib/rack/etag.rb:24:in `call'
  rack (1.6.4) lib/rack/conditionalget.rb:25:in `call'
  rack (1.6.4) lib/rack/head.rb:13:in `call'
  actionpack (4.2.2) lib/action_dispatch/middleware/params_parser.rb:27:in `call'
  actionpack (4.2.2) lib/action_dispatch/middleware/flash.rb:260:in `call'
  rack (1.6.4) lib/rack/session/abstract/id.rb:225:in `context'
  rack (1.6.4) lib/rack/session/abstract/id.rb:220:in `call'
  actionpack (4.2.2) lib/action_dispatch/middleware/cookies.rb:560:in `call'
  activerecord (4.2.2) lib/active_record/query_cache.rb:36:in `call'
  activerecord (4.2.2) lib/active_record/connection_adapters/abstract/connection_pool.rb:649:in `call'
  activerecord (4.2.2) lib/active_record/migration.rb:378:in `call'
  actionpack (4.2.2) lib/action_dispatch/middleware/callbacks.rb:29:in `block in call'
  activesupport (4.2.2) lib/active_support/callbacks.rb:88:in `_run_callbacks'
  activesupport (4.2.2) lib/active_support/callbacks.rb:776:in `_run_call_callbacks'
  activesupport (4.2.2) lib/active_support/callbacks.rb:81:in `run_callbacks'
  actionpack (4.2.2) lib/action_dispatch/middleware/callbacks.rb:27:in `call'
  actionpack (4.2.2) lib/action_dispatch/middleware/reloader.rb:73:in `call'
  actionpack (4.2.2) lib/action_dispatch/middleware/remote_ip.rb:78:in `call'
  web-console (2.0.0.beta3) lib/action_dispatch/debug_exceptions.rb:18:in `middleware_call'
  web-console (2.0.0.beta3) lib/action_dispatch/debug_exceptions.rb:13:in `call'
  actionpack (4.2.2) lib/action_dispatch/middleware/show_exceptions.rb:30:in `call'
  railties (4.2.2) lib/rails/rack/logger.rb:38:in `call_app'
  railties (4.2.2) lib/rails/rack/logger.rb:20:in `block in call'
  activesupport (4.2.2) lib/active_support/tagged_logging.rb:68:in `block in tagged'
  activesupport (4.2.2) lib/active_support/tagged_logging.rb:26:in `tagged'
  activesupport (4.2.2) lib/active_support/tagged_logging.rb:68:in `tagged'
  railties (4.2.2) lib/rails/rack/logger.rb:20:in `call'
  actionpack (4.2.2) lib/action_dispatch/middleware/request_id.rb:21:in `call'
  rack (1.6.4) lib/rack/methodoverride.rb:22:in `call'
  rack (1.6.4) lib/rack/runtime.rb:18:in `call'
  activesupport (4.2.2) lib/active_support/cache/strategy/local_cache_middleware.rb:28:in `call'
  rack (1.6.4) lib/rack/lock.rb:17:in `call'
  actionpack (4.2.2) lib/action_dispatch/middleware/static.rb:113:in `call'
  rack (1.6.4) lib/rack/sendfile.rb:113:in `call'
  railties (4.2.2) lib/rails/engine.rb:518:in `call'
  railties (4.2.2) lib/rails/application.rb:164:in `call'
  rack (1.6.4) lib/rack/lock.rb:17:in `call'
  rack (1.6.4) lib/rack/content_length.rb:15:in `call'
  rack (1.6.4) lib/rack/handler/webrick.rb:88:in `service'
  /home/ryan/.rvm/rubies/ruby-2.3.0/lib/ruby/2.3.0/webrick/httpserver.rb:140:in `service'
  /home/ryan/.rvm/rubies/ruby-2.3.0/lib/ruby/2.3.0/webrick/httpserver.rb:96:in `run'
  /home/ryan/.rvm/rubies/ruby-2.3.0/lib/ruby/2.3.0/webrick/server.rb:296:in `block in start_thread'


  Rendered /home/ryan/.rvm/gems/ruby-2.3.0@rails5.0/gems/web-console-2.0.0.beta3/lib/action_dispatch/templates/rescues/_trace.html.erb (7.9ms)
  Rendered /home/ryan/.rvm/gems/ruby-2.3.0@rails5.0/gems/web-console-2.0.0.beta3/lib/action_dispatch/templates/rescues/routing_error.html.erb within rescues/layout (46.2ms)


Started GET "/contact" for 127.0.0.1 at 2016-05-17 14:36:01 -0400
Processing by StaticPagesController#contact as HTML
  Rendered static_pages/contact.html.erb within layouts/application (1.6ms)
  Rendered layouts/_shim.html.erb (0.2ms)
  Rendered layouts/_header.html.erb (1.2ms)
  Rendered layouts/_footer.html.erb (0.7ms)
Completed 200 OK in 120ms (Views: 117.5ms | ActiveRecord: 0.0ms)


Started GET "/assets/custom.self-201250da1f1e5ca69d1d030423209f7360c54fb64a09662e0737cc0a8dea90c6.css?body=1" for 127.0.0.1 at 2016-05-17 14:36:02 -0400


Started GET "/assets/jquery.self-d03a5518f45df77341bdbe6201ba3bfa547ebba8ed64f0ea56bfa5f96ea7c074.js?body=1" for 127.0.0.1 at 2016-05-17 14:36:02 -0400


Started GET "/assets/static_pages.self-e3b0c44298fc1c149afbf4c8996fb92427ae41e4649b934ca495991b7852b855.css?body=1" for 127.0.0.1 at 2016-05-17 14:36:02 -0400


Started GET "/assets/application.self-e80e8f2318043e8af94dddc2adad5a4f09739a8ebb323b3ab31cd71d45fd9113.css?body=1" for 127.0.0.1 at 2016-05-17 14:36:02 -0400


Started GET "/assets/static_pages.self-877aef30ae1b040ab8a3aba4e3e309a11d7f2612f44dde450b5c157aa5f95c05.js?body=1" for 127.0.0.1 at 2016-05-17 14:36:02 -0400


Started GET "/assets/jquery_ujs.self-8e98a7a072a6cee1372d19fff9ff3e6aa1e39a37d89d6f06861637d061113ee7.js?body=1" for 127.0.0.1 at 2016-05-17 14:36:02 -0400


Started GET "/assets/turbolinks.self-c846e670826600e8c91b1a5ada3e6547110d996cd6ff24cde55024f7a135a1b4.js?body=1" for 127.0.0.1 at 2016-05-17 14:36:02 -0400


Started GET "/assets/application.self-3b8dabdc891efe46b9a144b400ad69e37d7e5876bdc39dee783419a69d7ca819.js?body=1" for 127.0.0.1 at 2016-05-17 14:36:02 -0400


Started GET "/about" for 127.0.0.1 at 2016-05-17 14:36:10 -0400
Processing by StaticPagesController#about as HTML
  Rendered static_pages/about.html.erb within layouts/application (1.6ms)
  Rendered layouts/_shim.html.erb (0.2ms)
  Rendered layouts/_header.html.erb (1.3ms)
  Rendered layouts/_footer.html.erb (0.6ms)
Completed 200 OK in 135ms (Views: 131.5ms | ActiveRecord: 0.0ms)


Started GET "/" for 127.0.0.1 at 2016-05-17 14:36:14 -0400
Processing by StaticPagesController#home as HTML
  Rendered static_pages/home.html.erb within layouts/application (4.8ms)
  Rendered layouts/_shim.html.erb (1.1ms)
  Rendered layouts/_header.html.erb (2.2ms)
  Rendered layouts/_footer.html.erb (1.6ms)
Completed 200 OK in 122ms (Views: 120.2ms | ActiveRecord: 0.0ms)


Started GET "/" for 127.0.0.1 at 2016-05-17 14:36:15 -0400
Processing by StaticPagesController#home as HTML
  Rendered static_pages/home.html.erb within layouts/application (4.9ms)
  Rendered layouts/_shim.html.erb (0.2ms)
  Rendered layouts/_header.html.erb (1.0ms)
  Rendered layouts/_footer.html.erb (0.5ms)
Completed 200 OK in 121ms (Views: 119.7ms | ActiveRecord: 0.0ms)


Started GET "/help" for 127.0.0.1 at 2016-05-17 14:36:16 -0400
Processing by StaticPagesController#help as HTML
  Rendered static_pages/help.html.erb within layouts/application (1.2ms)
  Rendered layouts/_shim.html.erb (0.1ms)
  Rendered layouts/_header.html.erb (0.9ms)
  Rendered layouts/_footer.html.erb (0.5ms)
Completed 200 OK in 113ms (Views: 111.1ms | ActiveRecord: 0.0ms)


Started GET "/contact" for 127.0.0.1 at 2016-05-17 14:36:21 -0400
Processing by StaticPagesController#contact as HTML
  Rendered static_pages/contact.html.erb within layouts/application (1.5ms)
  Rendered layouts/_shim.html.erb (0.1ms)
  Rendered layouts/_header.html.erb (0.8ms)
  Rendered layouts/_footer.html.erb (0.5ms)
Completed 200 OK in 117ms (Views: 114.9ms | ActiveRecord: 0.0ms)


Started GET "/about" for 127.0.0.1 at 2016-05-17 14:36:22 -0400
Processing by StaticPagesController#about as HTML
  Rendered static_pages/about.html.erb within layouts/application (3.7ms)
  Rendered layouts/_shim.html.erb (0.1ms)
  Rendered layouts/_header.html.erb (0.9ms)
  Rendered layouts/_footer.html.erb (0.5ms)
Completed 200 OK in 106ms (Views: 105.1ms | ActiveRecord: 0.0ms)


Started GET "/about" for 127.0.0.1 at 2016-05-17 14:51:03 -0400
Processing by StaticPagesController#about as HTML
  Rendered static_pages/about.html.erb within layouts/application (0.3ms)
  Rendered layouts/_shim.html.erb (1.2ms)
  Rendered layouts/_header.html.erb (2.8ms)
  Rendered layouts/_footer.html.erb (1.9ms)
Completed 200 OK in 132ms (Views: 130.1ms | ActiveRecord: 0.0ms)


Started GET "/assets/custom.self-201250da1f1e5ca69d1d030423209f7360c54fb64a09662e0737cc0a8dea90c6.css?body=1" for 127.0.0.1 at 2016-05-17 14:51:03 -0400


Started GET "/assets/turbolinks.self-c846e670826600e8c91b1a5ada3e6547110d996cd6ff24cde55024f7a135a1b4.js?body=1" for 127.0.0.1 at 2016-05-17 14:51:03 -0400


Started GET "/assets/jquery.self-d03a5518f45df77341bdbe6201ba3bfa547ebba8ed64f0ea56bfa5f96ea7c074.js?body=1" for 127.0.0.1 at 2016-05-17 14:51:03 -0400


Started GET "/assets/static_pages.self-e3b0c44298fc1c149afbf4c8996fb92427ae41e4649b934ca495991b7852b855.css?body=1" for 127.0.0.1 at 2016-05-17 14:51:03 -0400


Started GET "/assets/jquery_ujs.self-8e98a7a072a6cee1372d19fff9ff3e6aa1e39a37d89d6f06861637d061113ee7.js?body=1" for 127.0.0.1 at 2016-05-17 14:51:03 -0400


Started GET "/assets/application.self-e80e8f2318043e8af94dddc2adad5a4f09739a8ebb323b3ab31cd71d45fd9113.css?body=1" for 127.0.0.1 at 2016-05-17 14:51:03 -0400


Started GET "/assets/static_pages.self-877aef30ae1b040ab8a3aba4e3e309a11d7f2612f44dde450b5c157aa5f95c05.js?body=1" for 127.0.0.1 at 2016-05-17 14:51:03 -0400


Started GET "/assets/application.self-3b8dabdc891efe46b9a144b400ad69e37d7e5876bdc39dee783419a69d7ca819.js?body=1" for 127.0.0.1 at 2016-05-17 14:51:03 -0400


Started GET "/" for 127.0.0.1 at 2016-05-17 14:51:06 -0400
Processing by StaticPagesController#home as HTML
  Rendered static_pages/home.html.erb within layouts/application (9.3ms)
  Rendered layouts/_shim.html.erb (0.9ms)
  Rendered layouts/_header.html.erb (2.1ms)
  Rendered layouts/_footer.html.erb (1.4ms)
Completed 200 OK in 111ms (Views: 108.9ms | ActiveRecord: 0.0ms)


Started GET "/" for 127.0.0.1 at 2016-05-17 14:51:09 -0400
Processing by StaticPagesController#home as HTML
  Rendered static_pages/home.html.erb within layouts/application (4.4ms)
  Rendered layouts/_shim.html.erb (0.2ms)
  Rendered layouts/_header.html.erb (1.0ms)
  Rendered layouts/_footer.html.erb (0.5ms)
Completed 200 OK in 105ms (Views: 103.3ms | ActiveRecord: 0.0ms)


Started GET "/help" for 127.0.0.1 at 2016-05-17 14:51:10 -0400
Processing by StaticPagesController#help as HTML
  Rendered static_pages/help.html.erb within layouts/application (0.2ms)
  Rendered layouts/_shim.html.erb (0.1ms)
  Rendered layouts/_header.html.erb (0.8ms)
  Rendered layouts/_footer.html.erb (0.5ms)
Completed 200 OK in 98ms (Views: 96.4ms | ActiveRecord: 0.0ms)


Started GET "/signup" for 127.0.0.1 at 2016-05-17 14:56:51 -0400
Processing by UsersController#new as HTML
  Rendered users/new.html.erb within layouts/application (1.4ms)
  Rendered layouts/_shim.html.erb (0.1ms)
  Rendered layouts/_header.html.erb (0.9ms)
  Rendered layouts/_footer.html.erb (0.5ms)
Completed 200 OK in 435ms (Views: 433.6ms | ActiveRecord: 0.0ms)


Started GET "/" for 127.0.0.1 at 2016-05-17 15:08:03 -0400
Processing by StaticPagesController#home as HTML
  Rendered static_pages/home.html.erb within layouts/application (8.0ms)
  Rendered layouts/_shim.html.erb (0.2ms)
  Rendered layouts/_header.html.erb (0.9ms)
  Rendered layouts/_footer.html.erb (0.7ms)
Completed 200 OK in 151ms (Views: 148.4ms | ActiveRecord: 0.0ms)


Started GET "/signup" for 127.0.0.1 at 2016-05-17 15:08:04 -0400
Processing by UsersController#new as HTML
  Rendered users/new.html.erb within layouts/application (1.2ms)
  Rendered layouts/_shim.html.erb (0.1ms)
  Rendered layouts/_header.html.erb (0.8ms)
  Rendered layouts/_footer.html.erb (0.5ms)
Completed 200 OK in 108ms (Views: 105.8ms | ActiveRecord: 0.0ms)
  [1m[36m (20.2ms)[0m  [1mCREATE TABLE "schema_migrations" ("version" varchar NOT NULL) [0m
  [1m[35m (0.3ms)[0m  select sqlite_version(*)
  [1m[36m (17.3ms)[0m  [1mCREATE UNIQUE INDEX "unique_schema_migrations" ON "schema_migrations" ("version")[0m
  [1m[35mActiveRecord::SchemaMigration Load (0.4ms)[0m  SELECT "schema_migrations".* FROM "schema_migrations"
Migrating to CreateUsers (20160517193220)
  [1m[36m (0.2ms)[0m  [1mbegin transaction[0m
  [1m[35m (1.0ms)[0m  CREATE TABLE "users" ("id" INTEGER PRIMARY KEY AUTOINCREMENT NOT NULL, "name" varchar, "email" varchar, "created_at" datetime NOT NULL, "updated_at" datetime NOT NULL) 
  [1m[36mSQL (0.6ms)[0m  [1mINSERT INTO "schema_migrations" ("version") VALUES (?)[0m  [["version", "20160517193220"]]
  [1m[35m (16.9ms)[0m  commit transaction
  [1m[36mActiveRecord::SchemaMigration Load (0.3ms)[0m  [1mSELECT "schema_migrations".* FROM "schema_migrations"[0m
  [1m[36mActiveRecord::SchemaMigration Load (0.2ms)[0m  [1mSELECT "schema_migrations".* FROM "schema_migrations"[0m
Migrating to AddIndexToUsersEmail (20160517201914)
  [1m[35m (0.2ms)[0m  begin transaction
  [1m[36m (0.3ms)[0m  [1mselect sqlite_version(*)[0m
  [1m[35m (0.8ms)[0m  CREATE UNIQUE INDEX "index_users_on_email" ON "users" ("email")
  [1m[36mSQL (0.5ms)[0m  [1mINSERT INTO "schema_migrations" ("version") VALUES (?)[0m  [["version", "20160517201914"]]
  [1m[35m (54.9ms)[0m  commit transaction
  [1m[36mActiveRecord::SchemaMigration Load (0.3ms)[0m  [1mSELECT "schema_migrations".* FROM "schema_migrations"[0m
  [1m[35m (0.4ms)[0m              SELECT sql
            FROM sqlite_master
            WHERE name='index_users_on_email' AND type='index'
            UNION ALL
            SELECT sql
            FROM sqlite_temp_master
            WHERE name='index_users_on_email' AND type='index'

  [1m[36mActiveRecord::SchemaMigration Load (0.2ms)[0m  [1mSELECT "schema_migrations".* FROM "schema_migrations"[0m
Migrating to AddPasswordDigestToUsers (20160517202527)
  [1m[35m (0.2ms)[0m  begin transaction
  [1m[36m (1.0ms)[0m  [1mALTER TABLE "users" ADD "password_digest" varchar[0m
  [1m[35mSQL (0.5ms)[0m  INSERT INTO "schema_migrations" ("version") VALUES (?)  [["version", "20160517202527"]]
  [1m[36m (16.1ms)[0m  [1mcommit transaction[0m
  [1m[35mActiveRecord::SchemaMigration Load (0.3ms)[0m  SELECT "schema_migrations".* FROM "schema_migrations"
  [1m[36m (0.4ms)[0m  [1m            SELECT sql
            FROM sqlite_master
            WHERE name='index_users_on_email' AND type='index'
            UNION ALL
            SELECT sql
            FROM sqlite_temp_master
            WHERE name='index_users_on_email' AND type='index'
[0m
  [1m[36m (0.3ms)[0m  [1mbegin transaction[0m
  [1m[35mUser Exists (0.5ms)[0m  SELECT  1 AS one FROM "users" WHERE LOWER("users"."email") = LOWER('ryanbmolnar@gmail.com') LIMIT 1
  [1m[36mSQL (1.0ms)[0m  [1mINSERT INTO "users" ("name", "email", "password_digest", "created_at", "updated_at") VALUES (?, ?, ?, ?, ?)[0m  [["name", "Ryan Molnar"], ["email", "ryanbmolnar@gmail.com"], ["password_digest", "$2a$10$0zYO/mENZ4W4zdq20JX8LeyhYG7Vpo7Gb6PNMwOU9aipxyCqTP/72"], ["created_at", "2016-05-17 20:32:14.166811"], ["updated_at", "2016-05-17 20:32:14.166811"]]
  [1m[35m (13.0ms)[0m  commit transaction
  [1m[36mUser Load (0.6ms)[0m  [1mSELECT  "users".* FROM "users" WHERE "users"."email" = ? LIMIT 1[0m  [["email", "ryanbmolnar@gmail.com"]]
  [1m[36m (0.8ms)[0m  [1mSELECT COUNT(*) FROM "users"[0m
  [1m[35mUser Load (0.5ms)[0m  SELECT  "users".* FROM "users"  ORDER BY "users"."id" ASC LIMIT 1


Started GET "/" for 127.0.0.1 at 2016-05-18 08:45:27 -0400
  [1m[36mActiveRecord::SchemaMigration Load (0.5ms)[0m  [1mSELECT "schema_migrations".* FROM "schema_migrations"[0m
Processing by StaticPagesController#home as HTML
  Rendered static_pages/home.html.erb within layouts/application (77.6ms)
  Rendered layouts/_shim.html.erb (0.2ms)
  Rendered layouts/_header.html.erb (1.1ms)
  Rendered layouts/_footer.html.erb (0.8ms)
Completed 200 OK in 11702ms (Views: 11681.8ms | ActiveRecord: 0.0ms)


Started GET "/assets/custom.self-dfe093fb5a8a6504cba9aa8f5fcb66f5bdca2038815bcbe83eb2d743802c0992.css?body=1" for 127.0.0.1 at 2016-05-18 08:45:43 -0400


Started GET "/assets/static_pages.self-e3b0c44298fc1c149afbf4c8996fb92427ae41e4649b934ca495991b7852b855.css?body=1" for 127.0.0.1 at 2016-05-18 08:45:43 -0400


Started GET "/assets/users.self-e3b0c44298fc1c149afbf4c8996fb92427ae41e4649b934ca495991b7852b855.css?body=1" for 127.0.0.1 at 2016-05-18 08:45:43 -0400


Started GET "/assets/turbolinks.self-c846e670826600e8c91b1a5ada3e6547110d996cd6ff24cde55024f7a135a1b4.js?body=1" for 127.0.0.1 at 2016-05-18 08:45:43 -0400


Started GET "/assets/application.self-e80e8f2318043e8af94dddc2adad5a4f09739a8ebb323b3ab31cd71d45fd9113.css?body=1" for 127.0.0.1 at 2016-05-18 08:45:43 -0400


Started GET "/assets/jquery.self-d03a5518f45df77341bdbe6201ba3bfa547ebba8ed64f0ea56bfa5f96ea7c074.js?body=1" for 127.0.0.1 at 2016-05-18 08:45:43 -0400


Started GET "/assets/jquery_ujs.self-8e98a7a072a6cee1372d19fff9ff3e6aa1e39a37d89d6f06861637d061113ee7.js?body=1" for 127.0.0.1 at 2016-05-18 08:45:43 -0400


Started GET "/assets/static_pages.self-877aef30ae1b040ab8a3aba4e3e309a11d7f2612f44dde450b5c157aa5f95c05.js?body=1" for 127.0.0.1 at 2016-05-18 08:45:43 -0400


Started GET "/assets/users.self-877aef30ae1b040ab8a3aba4e3e309a11d7f2612f44dde450b5c157aa5f95c05.js?body=1" for 127.0.0.1 at 2016-05-18 08:45:43 -0400


Started GET "/assets/application.self-3b8dabdc891efe46b9a144b400ad69e37d7e5876bdc39dee783419a69d7ca819.js?body=1" for 127.0.0.1 at 2016-05-18 08:45:43 -0400


Started GET "/assets/rails-c094bc3a4bf50e5bb477109e5cb0d213af27ad75b481c4df249f50974dbeefe6.png" for 127.0.0.1 at 2016-05-18 08:45:43 -0400


Started GET "/users/1" for 127.0.0.1 at 2016-05-18 08:45:56 -0400
Processing by UsersController#show as HTML
  Parameters: {"id"=>"1"}
Completed 500 Internal Server Error in 342ms (ActiveRecord: 0.0ms)

NameError (undefined local variable or method `parms' for #<UsersController:0x007f9e4f59e3c8>
Did you mean?  params
               params=):
  app/controllers/users_controller.rb:4:in `show'


  Rendered /home/ryan/.rvm/gems/ruby-2.3.0@rails5.0/gems/web-console-2.0.0.beta3/lib/action_dispatch/templates/rescues/_source.erb (30.0ms)
  Rendered /home/ryan/.rvm/gems/ruby-2.3.0@rails5.0/gems/web-console-2.0.0.beta3/lib/action_dispatch/templates/rescues/_trace.html.erb (13.7ms)
  Rendered /home/ryan/.rvm/gems/ruby-2.3.0@rails5.0/gems/web-console-2.0.0.beta3/lib/action_dispatch/templates/rescues/_request_and_response.html.erb (4.7ms)
  Rendered /home/ryan/.rvm/gems/ruby-2.3.0@rails5.0/gems/web-console-2.0.0.beta3/lib/action_dispatch/templates/rescues/_web_console.html.erb (6.5ms)
  Rendered /home/ryan/.rvm/gems/ruby-2.3.0@rails5.0/gems/web-console-2.0.0.beta3/lib/action_dispatch/templates/rescues/diagnostics.html.erb within rescues/layout (190.7ms)


Started GET "/users/1" for 127.0.0.1 at 2016-05-18 08:46:32 -0400
Processing by UsersController#show as HTML
  Parameters: {"id"=>"1"}
  [1m[35mUser Load (0.8ms)[0m  SELECT  "users".* FROM "users" WHERE "users"."id" = ? LIMIT 1  [["id", 1]]
  Rendered users/show.html.erb within layouts/application (2.3ms)
  Rendered layouts/_shim.html.erb (0.2ms)
  Rendered layouts/_header.html.erb (1.1ms)
  Rendered layouts/_footer.html.erb (0.8ms)
Completed 200 OK in 366ms (Views: 142.7ms | ActiveRecord: 6.2ms)


Started GET "/assets/custom.self-dfe093fb5a8a6504cba9aa8f5fcb66f5bdca2038815bcbe83eb2d743802c0992.css?body=1" for 127.0.0.1 at 2016-05-18 08:46:33 -0400


Started GET "/assets/static_pages.self-e3b0c44298fc1c149afbf4c8996fb92427ae41e4649b934ca495991b7852b855.css?body=1" for 127.0.0.1 at 2016-05-18 08:46:33 -0400


Started GET "/assets/static_pages.self-877aef30ae1b040ab8a3aba4e3e309a11d7f2612f44dde450b5c157aa5f95c05.js?body=1" for 127.0.0.1 at 2016-05-18 08:46:33 -0400


Started GET "/assets/users.self-e3b0c44298fc1c149afbf4c8996fb92427ae41e4649b934ca495991b7852b855.css?body=1" for 127.0.0.1 at 2016-05-18 08:46:33 -0400


Started GET "/assets/application.self-e80e8f2318043e8af94dddc2adad5a4f09739a8ebb323b3ab31cd71d45fd9113.css?body=1" for 127.0.0.1 at 2016-05-18 08:46:33 -0400


Started GET "/assets/jquery_ujs.self-8e98a7a072a6cee1372d19fff9ff3e6aa1e39a37d89d6f06861637d061113ee7.js?body=1" for 127.0.0.1 at 2016-05-18 08:46:33 -0400


Started GET "/assets/jquery.self-d03a5518f45df77341bdbe6201ba3bfa547ebba8ed64f0ea56bfa5f96ea7c074.js?body=1" for 127.0.0.1 at 2016-05-18 08:46:33 -0400


Started GET "/assets/users.self-877aef30ae1b040ab8a3aba4e3e309a11d7f2612f44dde450b5c157aa5f95c05.js?body=1" for 127.0.0.1 at 2016-05-18 08:46:33 -0400


Started GET "/assets/turbolinks.self-c846e670826600e8c91b1a5ada3e6547110d996cd6ff24cde55024f7a135a1b4.js?body=1" for 127.0.0.1 at 2016-05-18 08:46:33 -0400


Started GET "/assets/application.self-3b8dabdc891efe46b9a144b400ad69e37d7e5876bdc39dee783419a69d7ca819.js?body=1" for 127.0.0.1 at 2016-05-18 08:46:33 -0400


Started GET "/users/1" for 127.0.0.1 at 2016-05-18 08:47:26 -0400
Processing by UsersController#show as HTML
  Parameters: {"id"=>"1"}
  [1m[36mUser Load (0.4ms)[0m  [1mSELECT  "users".* FROM "users" WHERE "users"."id" = ? LIMIT 1[0m  [["id", 1]]
  Rendered users/show.html.erb within layouts/application (0.4ms)
  Rendered layouts/_shim.html.erb (0.2ms)
  Rendered layouts/_header.html.erb (1.2ms)
  Rendered layouts/_footer.html.erb (0.7ms)
Completed 200 OK in 146ms (Views: 142.4ms | ActiveRecord: 0.4ms)


Started GET "/assets/custom.self-dfe093fb5a8a6504cba9aa8f5fcb66f5bdca2038815bcbe83eb2d743802c0992.css?body=1" for 127.0.0.1 at 2016-05-18 08:47:27 -0400


Started GET "/assets/users.self-e3b0c44298fc1c149afbf4c8996fb92427ae41e4649b934ca495991b7852b855.css?body=1" for 127.0.0.1 at 2016-05-18 08:47:27 -0400


Started GET "/assets/static_pages.self-e3b0c44298fc1c149afbf4c8996fb92427ae41e4649b934ca495991b7852b855.css?body=1" for 127.0.0.1 at 2016-05-18 08:47:27 -0400


Started GET "/assets/application.self-e80e8f2318043e8af94dddc2adad5a4f09739a8ebb323b3ab31cd71d45fd9113.css?body=1" for 127.0.0.1 at 2016-05-18 08:47:27 -0400


Started GET "/assets/jquery.self-d03a5518f45df77341bdbe6201ba3bfa547ebba8ed64f0ea56bfa5f96ea7c074.js?body=1" for 127.0.0.1 at 2016-05-18 08:47:27 -0400


Started GET "/assets/jquery_ujs.self-8e98a7a072a6cee1372d19fff9ff3e6aa1e39a37d89d6f06861637d061113ee7.js?body=1" for 127.0.0.1 at 2016-05-18 08:47:27 -0400


Started GET "/assets/turbolinks.self-c846e670826600e8c91b1a5ada3e6547110d996cd6ff24cde55024f7a135a1b4.js?body=1" for 127.0.0.1 at 2016-05-18 08:47:27 -0400


Started GET "/assets/static_pages.self-877aef30ae1b040ab8a3aba4e3e309a11d7f2612f44dde450b5c157aa5f95c05.js?body=1" for 127.0.0.1 at 2016-05-18 08:47:27 -0400


Started GET "/assets/users.self-877aef30ae1b040ab8a3aba4e3e309a11d7f2612f44dde450b5c157aa5f95c05.js?body=1" for 127.0.0.1 at 2016-05-18 08:47:27 -0400


Started GET "/assets/application.self-3b8dabdc891efe46b9a144b400ad69e37d7e5876bdc39dee783419a69d7ca819.js?body=1" for 127.0.0.1 at 2016-05-18 08:47:27 -0400


Started GET "/" for 127.0.0.1 at 2016-05-18 08:49:21 -0400
Processing by StaticPagesController#home as HTML
  Rendered static_pages/home.html.erb within layouts/application (6.3ms)
  Rendered layouts/_shim.html.erb (0.1ms)
  Rendered layouts/_header.html.erb (0.7ms)
  Rendered layouts/_footer.html.erb (0.5ms)
Completed 200 OK in 128ms (Views: 126.2ms | ActiveRecord: 0.0ms)


Started GET "/users/1" for 127.0.0.1 at 2016-05-18 08:50:23 -0400
Processing by UsersController#show as HTML
  Parameters: {"id"=>"1"}
  [1m[35mUser Load (0.5ms)[0m  SELECT  "users".* FROM "users" WHERE "users"."id" = ? LIMIT 1  [["id", 1]]
  Rendered users/show.html.erb within layouts/application (1.1ms)
  Rendered layouts/_shim.html.erb (0.5ms)
  Rendered layouts/_header.html.erb (4.8ms)
  Rendered layouts/_footer.html.erb (3.6ms)
Completed 200 OK in 51493ms (Views: 593.3ms | ActiveRecord: 5.3ms)


Started GET "/users/1" for 127.0.0.1 at 2016-05-18 08:57:57 -0400
Processing by UsersController#show as HTML
  Parameters: {"id"=>"1"}
  [1m[36mUser Load (2.2ms)[0m  [1mSELECT  "users".* FROM "users" WHERE "users"."id" = ? LIMIT 1[0m  [["id", 1]]
  Rendered users/show.html.erb within layouts/application (1309.6ms)
Completed 500 Internal Server Error in 1439ms (ActiveRecord: 7.8ms)

NoMethodError (undefined method `gravatar_for' for #<#<Class:0x007f9e4e56a588>:0x007f9e4e559d50>):
  app/views/users/show.html.erb:4:in `_app_views_users_show_html_erb___4456946107689190749_70158947861300'


  Rendered /home/ryan/.rvm/gems/ruby-2.3.0@rails5.0/gems/web-console-2.0.0.beta3/lib/action_dispatch/templates/rescues/_source.erb (232.2ms)
  Rendered /home/ryan/.rvm/gems/ruby-2.3.0@rails5.0/gems/web-console-2.0.0.beta3/lib/action_dispatch/templates/rescues/_trace.html.erb (55.4ms)
  Rendered /home/ryan/.rvm/gems/ruby-2.3.0@rails5.0/gems/web-console-2.0.0.beta3/lib/action_dispatch/templates/rescues/_request_and_response.html.erb (7.1ms)
  Rendered /home/ryan/.rvm/gems/ruby-2.3.0@rails5.0/gems/web-console-2.0.0.beta3/lib/action_dispatch/templates/rescues/_web_console.html.erb (5.2ms)
  Rendered /home/ryan/.rvm/gems/ruby-2.3.0@rails5.0/gems/web-console-2.0.0.beta3/lib/action_dispatch/templates/rescues/diagnostics.html.erb within rescues/layout (468.2ms)


Started GET "/users/1" for 127.0.0.1 at 2016-05-18 08:59:06 -0400
Processing by UsersController#show as HTML
  Parameters: {"id"=>"1"}
  [1m[35mUser Load (0.7ms)[0m  SELECT  "users".* FROM "users" WHERE "users"."id" = ? LIMIT 1  [["id", 1]]
  Rendered users/show.html.erb within layouts/application (1137.5ms)
Completed 500 Internal Server Error in 1167ms (ActiveRecord: 0.7ms)

NoMethodError (undefined method `gravatar_for' for #<#<Class:0x007f9e4e56a588>:0x007f9e4f9ca1e0>):
  app/views/users/show.html.erb:4:in `_app_views_users_show_html_erb___4456946107689190749_70158947861300'


  Rendered /home/ryan/.rvm/gems/ruby-2.3.0@rails5.0/gems/web-console-2.0.0.beta3/lib/action_dispatch/templates/rescues/_source.erb (307.9ms)
  Rendered /home/ryan/.rvm/gems/ruby-2.3.0@rails5.0/gems/web-console-2.0.0.beta3/lib/action_dispatch/templates/rescues/_trace.html.erb (79.4ms)
  Rendered /home/ryan/.rvm/gems/ruby-2.3.0@rails5.0/gems/web-console-2.0.0.beta3/lib/action_dispatch/templates/rescues/_request_and_response.html.erb (10.5ms)
  Rendered /home/ryan/.rvm/gems/ruby-2.3.0@rails5.0/gems/web-console-2.0.0.beta3/lib/action_dispatch/templates/rescues/_web_console.html.erb (5.6ms)
  Rendered /home/ryan/.rvm/gems/ruby-2.3.0@rails5.0/gems/web-console-2.0.0.beta3/lib/action_dispatch/templates/rescues/diagnostics.html.erb within rescues/layout (562.4ms)


Started GET "/users/1" for 127.0.0.1 at 2016-05-18 08:59:27 -0400
Processing by UsersController#show as HTML
  Parameters: {"id"=>"1"}
  [1m[36mUser Load (1.4ms)[0m  [1mSELECT  "users".* FROM "users" WHERE "users"."id" = ? LIMIT 1[0m  [["id", 1]]
  Rendered users/show.html.erb within layouts/application (1092.8ms)
Completed 500 Internal Server Error in 1126ms (ActiveRecord: 1.4ms)

NoMethodError (undefined method `gravatar_for' for #<#<Class:0x007f9e4e56a588>:0x007f9e26172390>):
  app/views/users/show.html.erb:3:in `_app_views_users_show_html_erb___4456946107689190749_70158609776940'


  Rendered /home/ryan/.rvm/gems/ruby-2.3.0@rails5.0/gems/web-console-2.0.0.beta3/lib/action_dispatch/templates/rescues/_source.erb (200.4ms)
  Rendered /home/ryan/.rvm/gems/ruby-2.3.0@rails5.0/gems/web-console-2.0.0.beta3/lib/action_dispatch/templates/rescues/_trace.html.erb (48.6ms)
  Rendered /home/ryan/.rvm/gems/ruby-2.3.0@rails5.0/gems/web-console-2.0.0.beta3/lib/action_dispatch/templates/rescues/_request_and_response.html.erb (6.0ms)
  Rendered /home/ryan/.rvm/gems/ruby-2.3.0@rails5.0/gems/web-console-2.0.0.beta3/lib/action_dispatch/templates/rescues/_web_console.html.erb (3.6ms)
  Rendered /home/ryan/.rvm/gems/ruby-2.3.0@rails5.0/gems/web-console-2.0.0.beta3/lib/action_dispatch/templates/rescues/diagnostics.html.erb within rescues/layout (400.5ms)


Started GET "/users/1" for 127.0.0.1 at 2016-05-18 08:59:53 -0400
Processing by UsersController#show as HTML
  Parameters: {"id"=>"1"}
  [1m[35mUser Load (0.7ms)[0m  SELECT  "users".* FROM "users" WHERE "users"."id" = ? LIMIT 1  [["id", 1]]
  Rendered users/show.html.erb within layouts/application (936.1ms)
Completed 500 Internal Server Error in 964ms (ActiveRecord: 0.7ms)

NoMethodError (undefined method `gravatar_for' for #<#<Class:0x007f9e4e56a588>:0x007f9e257d4360>):
  app/views/users/show.html.erb:3:in `_app_views_users_show_html_erb___4456946107689190749_70158605403980'


  Rendered /home/ryan/.rvm/gems/ruby-2.3.0@rails5.0/gems/web-console-2.0.0.beta3/lib/action_dispatch/templates/rescues/_source.erb (208.6ms)
  Rendered /home/ryan/.rvm/gems/ruby-2.3.0@rails5.0/gems/web-console-2.0.0.beta3/lib/action_dispatch/templates/rescues/_trace.html.erb (49.9ms)
  Rendered /home/ryan/.rvm/gems/ruby-2.3.0@rails5.0/gems/web-console-2.0.0.beta3/lib/action_dispatch/templates/rescues/_request_and_response.html.erb (6.1ms)
  Rendered /home/ryan/.rvm/gems/ruby-2.3.0@rails5.0/gems/web-console-2.0.0.beta3/lib/action_dispatch/templates/rescues/_web_console.html.erb (4.0ms)
  Rendered /home/ryan/.rvm/gems/ruby-2.3.0@rails5.0/gems/web-console-2.0.0.beta3/lib/action_dispatch/templates/rescues/diagnostics.html.erb within rescues/layout (417.4ms)


Started GET "/users/1" for 127.0.0.1 at 2016-05-18 09:04:58 -0400
Processing by UsersController#show as HTML
  Parameters: {"id"=>"1"}
  [1m[36mUser Load (1.4ms)[0m  [1mSELECT  "users".* FROM "users" WHERE "users"."id" = ? LIMIT 1[0m  [["id", 1]]
  Rendered users/show.html.erb within layouts/application (3.4ms)
  Rendered layouts/_shim.html.erb (0.6ms)
  Rendered layouts/_header.html.erb (4.6ms)
  Rendered layouts/_footer.html.erb (2.7ms)
Completed 200 OK in 586ms (Views: 484.1ms | ActiveRecord: 5.8ms)


Started GET "/assets/custom.self-dfe093fb5a8a6504cba9aa8f5fcb66f5bdca2038815bcbe83eb2d743802c0992.css?body=1" for 127.0.0.1 at 2016-05-18 09:05:00 -0400


Started GET "/assets/static_pages.self-e3b0c44298fc1c149afbf4c8996fb92427ae41e4649b934ca495991b7852b855.css?body=1" for 127.0.0.1 at 2016-05-18 09:05:00 -0400


Started GET "/assets/jquery.self-d03a5518f45df77341bdbe6201ba3bfa547ebba8ed64f0ea56bfa5f96ea7c074.js?body=1" for 127.0.0.1 at 2016-05-18 09:05:00 -0400


Started GET "/assets/jquery_ujs.self-8e98a7a072a6cee1372d19fff9ff3e6aa1e39a37d89d6f06861637d061113ee7.js?body=1" for 127.0.0.1 at 2016-05-18 09:05:00 -0400


Started GET "/assets/users.self-e3b0c44298fc1c149afbf4c8996fb92427ae41e4649b934ca495991b7852b855.css?body=1" for 127.0.0.1 at 2016-05-18 09:05:00 -0400


Started GET "/assets/application.self-e80e8f2318043e8af94dddc2adad5a4f09739a8ebb323b3ab31cd71d45fd9113.css?body=1" for 127.0.0.1 at 2016-05-18 09:05:00 -0400


Started GET "/assets/turbolinks.self-c846e670826600e8c91b1a5ada3e6547110d996cd6ff24cde55024f7a135a1b4.js?body=1" for 127.0.0.1 at 2016-05-18 09:05:00 -0400


Started GET "/assets/static_pages.self-877aef30ae1b040ab8a3aba4e3e309a11d7f2612f44dde450b5c157aa5f95c05.js?body=1" for 127.0.0.1 at 2016-05-18 09:05:00 -0400


Started GET "/assets/users.self-877aef30ae1b040ab8a3aba4e3e309a11d7f2612f44dde450b5c157aa5f95c05.js?body=1" for 127.0.0.1 at 2016-05-18 09:05:01 -0400


Started GET "/assets/application.self-3b8dabdc891efe46b9a144b400ad69e37d7e5876bdc39dee783419a69d7ca819.js?body=1" for 127.0.0.1 at 2016-05-18 09:05:01 -0400


Started GET "/users/1" for 127.0.0.1 at 2016-05-18 09:10:03 -0400
Processing by UsersController#show as HTML
  Parameters: {"id"=>"1"}
  [1m[35mUser Load (0.7ms)[0m  SELECT  "users".* FROM "users" WHERE "users"."id" = ? LIMIT 1  [["id", 1]]
  Rendered users/show.html.erb within layouts/application (4.9ms)
  Rendered layouts/_shim.html.erb (0.6ms)
  Rendered layouts/_header.html.erb (4.6ms)
  Rendered layouts/_footer.html.erb (2.8ms)
Completed 200 OK in 24826ms (Views: 24812.3ms | ActiveRecord: 0.7ms)


Started GET "/assets/custom.self-9315b4f29adac7773be6f36f604246cc2cbbdd785e707ab7ffea19774fadf9cb.css?body=1" for 127.0.0.1 at 2016-05-18 09:10:28 -0400


Started GET "/assets/static_pages.self-e3b0c44298fc1c149afbf4c8996fb92427ae41e4649b934ca495991b7852b855.css?body=1" for 127.0.0.1 at 2016-05-18 09:10:28 -0400


Started GET "/assets/jquery_ujs.self-8e98a7a072a6cee1372d19fff9ff3e6aa1e39a37d89d6f06861637d061113ee7.js?body=1" for 127.0.0.1 at 2016-05-18 09:10:28 -0400


Started GET "/assets/users.self-e3b0c44298fc1c149afbf4c8996fb92427ae41e4649b934ca495991b7852b855.css?body=1" for 127.0.0.1 at 2016-05-18 09:10:28 -0400


Started GET "/assets/application.self-e80e8f2318043e8af94dddc2adad5a4f09739a8ebb323b3ab31cd71d45fd9113.css?body=1" for 127.0.0.1 at 2016-05-18 09:10:28 -0400


Started GET "/assets/jquery.self-d03a5518f45df77341bdbe6201ba3bfa547ebba8ed64f0ea56bfa5f96ea7c074.js?body=1" for 127.0.0.1 at 2016-05-18 09:10:28 -0400


Started GET "/assets/turbolinks.self-c846e670826600e8c91b1a5ada3e6547110d996cd6ff24cde55024f7a135a1b4.js?body=1" for 127.0.0.1 at 2016-05-18 09:10:28 -0400


Started GET "/assets/static_pages.self-877aef30ae1b040ab8a3aba4e3e309a11d7f2612f44dde450b5c157aa5f95c05.js?body=1" for 127.0.0.1 at 2016-05-18 09:10:29 -0400


Started GET "/assets/users.self-877aef30ae1b040ab8a3aba4e3e309a11d7f2612f44dde450b5c157aa5f95c05.js?body=1" for 127.0.0.1 at 2016-05-18 09:10:29 -0400


Started GET "/assets/application.self-3b8dabdc891efe46b9a144b400ad69e37d7e5876bdc39dee783419a69d7ca819.js?body=1" for 127.0.0.1 at 2016-05-18 09:10:29 -0400


Started GET "/users/1" for 127.0.0.1 at 2016-05-18 09:10:50 -0400
Processing by UsersController#show as HTML
  Parameters: {"id"=>"1"}
  [1m[36mUser Load (1.3ms)[0m  [1mSELECT  "users".* FROM "users" WHERE "users"."id" = ? LIMIT 1[0m  [["id", 1]]
  Rendered users/show.html.erb within layouts/application (6.1ms)
  Rendered layouts/_shim.html.erb (0.7ms)
  Rendered layouts/_header.html.erb (6.1ms)
  Rendered layouts/_footer.html.erb (3.4ms)
Completed 200 OK in 549ms (Views: 531.3ms | ActiveRecord: 1.3ms)


Started GET "/assets/custom.self-9315b4f29adac7773be6f36f604246cc2cbbdd785e707ab7ffea19774fadf9cb.css?body=1" for 127.0.0.1 at 2016-05-18 09:10:51 -0400


Started GET "/assets/jquery.self-d03a5518f45df77341bdbe6201ba3bfa547ebba8ed64f0ea56bfa5f96ea7c074.js?body=1" for 127.0.0.1 at 2016-05-18 09:10:51 -0400


Started GET "/assets/users.self-e3b0c44298fc1c149afbf4c8996fb92427ae41e4649b934ca495991b7852b855.css?body=1" for 127.0.0.1 at 2016-05-18 09:10:51 -0400


Started GET "/assets/jquery_ujs.self-8e98a7a072a6cee1372d19fff9ff3e6aa1e39a37d89d6f06861637d061113ee7.js?body=1" for 127.0.0.1 at 2016-05-18 09:10:51 -0400


Started GET "/assets/static_pages.self-e3b0c44298fc1c149afbf4c8996fb92427ae41e4649b934ca495991b7852b855.css?body=1" for 127.0.0.1 at 2016-05-18 09:10:51 -0400


Started GET "/assets/application.self-e80e8f2318043e8af94dddc2adad5a4f09739a8ebb323b3ab31cd71d45fd9113.css?body=1" for 127.0.0.1 at 2016-05-18 09:10:52 -0400


Started GET "/assets/turbolinks.self-c846e670826600e8c91b1a5ada3e6547110d996cd6ff24cde55024f7a135a1b4.js?body=1" for 127.0.0.1 at 2016-05-18 09:10:52 -0400


Started GET "/assets/static_pages.self-877aef30ae1b040ab8a3aba4e3e309a11d7f2612f44dde450b5c157aa5f95c05.js?body=1" for 127.0.0.1 at 2016-05-18 09:10:52 -0400


Started GET "/assets/users.self-877aef30ae1b040ab8a3aba4e3e309a11d7f2612f44dde450b5c157aa5f95c05.js?body=1" for 127.0.0.1 at 2016-05-18 09:10:52 -0400


Started GET "/assets/application.self-3b8dabdc891efe46b9a144b400ad69e37d7e5876bdc39dee783419a69d7ca819.js?body=1" for 127.0.0.1 at 2016-05-18 09:10:52 -0400


Started GET "/signup" for 127.0.0.1 at 2016-05-18 09:17:26 -0400
Processing by UsersController#new as HTML
  Rendered users/new.html.erb within layouts/application (7000.9ms)
  Rendered layouts/_shim.html.erb (0.7ms)
  Rendered layouts/_header.html.erb (3.3ms)
  Rendered layouts/_footer.html.erb (2.5ms)
Completed 200 OK in 30464ms (Views: 30381.4ms | ActiveRecord: 3.5ms)


Started GET "/assets/custom.self-52ea4f684093c6acfe63d763f983e1a9ed423cf3883ee1fec683c67664187754.css?body=1" for 127.0.0.1 at 2016-05-18 09:17:57 -0400


Started POST "/users" for 127.0.0.1 at 2016-05-18 09:23:31 -0400
Processing by UsersController#create as HTML
  Parameters: {"utf8"=>"", "authenticity_token"=>"px9z/IY0dUe+ej2wVregdGx7gymLRuT2jRuFn3dBxOy+T/NL45QG3v4R4V1S91g7SAa7f8Ar8G7+Xnzzr/GGrw==", "user"=>{"name"=>"", "email"=>"", "password"=>"[FILTERED]", "password_confirmation"=>"[FILTERED]"}, "commit"=>"Create my account"}
Completed 500 Internal Server Error in 79ms (ActiveRecord: 3.8ms)

ActiveModel::ForbiddenAttributesError (ActiveModel::ForbiddenAttributesError):
  app/controllers/users_controller.rb:12:in `create'


  Rendered /home/ryan/.rvm/gems/ruby-2.3.0@rails5.0/gems/web-console-2.0.0.beta3/lib/action_dispatch/templates/rescues/_source.erb (149.2ms)
  Rendered /home/ryan/.rvm/gems/ruby-2.3.0@rails5.0/gems/web-console-2.0.0.beta3/lib/action_dispatch/templates/rescues/_trace.html.erb (46.4ms)
  Rendered /home/ryan/.rvm/gems/ruby-2.3.0@rails5.0/gems/web-console-2.0.0.beta3/lib/action_dispatch/templates/rescues/_request_and_response.html.erb (8.4ms)
  Rendered /home/ryan/.rvm/gems/ruby-2.3.0@rails5.0/gems/web-console-2.0.0.beta3/lib/action_dispatch/templates/rescues/_web_console.html.erb (4.1ms)
  Rendered /home/ryan/.rvm/gems/ruby-2.3.0@rails5.0/gems/web-console-2.0.0.beta3/lib/action_dispatch/templates/rescues/diagnostics.html.erb within rescues/layout (277.5ms)


Started GET "/signup" for 127.0.0.1 at 2016-05-18 09:37:17 -0400
Processing by UsersController#new as HTML
  Rendered shared/_error_messages.html.erb (3.7ms)
  Rendered users/new.html.erb within layouts/application (51.2ms)
  Rendered layouts/_shim.html.erb (0.5ms)
  Rendered layouts/_header.html.erb (3.6ms)
  Rendered layouts/_footer.html.erb (2.1ms)
Completed 200 OK in 24292ms (Views: 24218.4ms | ActiveRecord: 3.2ms)


Started GET "/assets/custom.self-4af235836eb57f254ce43a159c5c88554a0a0dc849b2384848d8949cb67ee7bc.css?body=1" for 127.0.0.1 at 2016-05-18 09:37:42 -0400


Started GET "/assets/jquery.self-d03a5518f45df77341bdbe6201ba3bfa547ebba8ed64f0ea56bfa5f96ea7c074.js?body=1" for 127.0.0.1 at 2016-05-18 09:37:42 -0400


Started GET "/assets/application.self-e80e8f2318043e8af94dddc2adad5a4f09739a8ebb323b3ab31cd71d45fd9113.css?body=1" for 127.0.0.1 at 2016-05-18 09:37:42 -0400


Started GET "/assets/static_pages.self-e3b0c44298fc1c149afbf4c8996fb92427ae41e4649b934ca495991b7852b855.css?body=1" for 127.0.0.1 at 2016-05-18 09:37:42 -0400


Started GET "/assets/users.self-e3b0c44298fc1c149afbf4c8996fb92427ae41e4649b934ca495991b7852b855.css?body=1" for 127.0.0.1 at 2016-05-18 09:37:42 -0400


Started GET "/assets/jquery_ujs.self-8e98a7a072a6cee1372d19fff9ff3e6aa1e39a37d89d6f06861637d061113ee7.js?body=1" for 127.0.0.1 at 2016-05-18 09:37:42 -0400


Started GET "/assets/turbolinks.self-c846e670826600e8c91b1a5ada3e6547110d996cd6ff24cde55024f7a135a1b4.js?body=1" for 127.0.0.1 at 2016-05-18 09:37:42 -0400


Started GET "/assets/static_pages.self-877aef30ae1b040ab8a3aba4e3e309a11d7f2612f44dde450b5c157aa5f95c05.js?body=1" for 127.0.0.1 at 2016-05-18 09:37:42 -0400


Started GET "/assets/users.self-877aef30ae1b040ab8a3aba4e3e309a11d7f2612f44dde450b5c157aa5f95c05.js?body=1" for 127.0.0.1 at 2016-05-18 09:37:42 -0400


Started GET "/assets/application.self-3b8dabdc891efe46b9a144b400ad69e37d7e5876bdc39dee783419a69d7ca819.js?body=1" for 127.0.0.1 at 2016-05-18 09:37:43 -0400


Started GET "/users" for 127.0.0.1 at 2016-05-18 09:57:14 -0400

AbstractController::ActionNotFound (The action 'index' could not be found for UsersController):
  actionpack (4.2.2) lib/abstract_controller/base.rb:132:in `process'
  actionview (4.2.2) lib/action_view/rendering.rb:30:in `process'
  actionpack (4.2.2) lib/action_controller/metal.rb:196:in `dispatch'
  actionpack (4.2.2) lib/action_controller/metal/rack_delegation.rb:13:in `dispatch'
  actionpack (4.2.2) lib/action_controller/metal.rb:237:in `block in action'
  actionpack (4.2.2) lib/action_dispatch/routing/route_set.rb:74:in `dispatch'
  actionpack (4.2.2) lib/action_dispatch/routing/route_set.rb:43:in `serve'
  actionpack (4.2.2) lib/action_dispatch/journey/router.rb:43:in `block in serve'
  actionpack (4.2.2) lib/action_dispatch/journey/router.rb:30:in `each'
  actionpack (4.2.2) lib/action_dispatch/journey/router.rb:30:in `serve'
  actionpack (4.2.2) lib/action_dispatch/routing/route_set.rb:819:in `call'
  rack (1.6.4) lib/rack/etag.rb:24:in `call'
  rack (1.6.4) lib/rack/conditionalget.rb:25:in `call'
  rack (1.6.4) lib/rack/head.rb:13:in `call'
  actionpack (4.2.2) lib/action_dispatch/middleware/params_parser.rb:27:in `call'
  actionpack (4.2.2) lib/action_dispatch/middleware/flash.rb:260:in `call'
  rack (1.6.4) lib/rack/session/abstract/id.rb:225:in `context'
  rack (1.6.4) lib/rack/session/abstract/id.rb:220:in `call'
  actionpack (4.2.2) lib/action_dispatch/middleware/cookies.rb:560:in `call'
  activerecord (4.2.2) lib/active_record/query_cache.rb:36:in `call'
  activerecord (4.2.2) lib/active_record/connection_adapters/abstract/connection_pool.rb:649:in `call'
  activerecord (4.2.2) lib/active_record/migration.rb:378:in `call'
  actionpack (4.2.2) lib/action_dispatch/middleware/callbacks.rb:29:in `block in call'
  activesupport (4.2.2) lib/active_support/callbacks.rb:88:in `_run_callbacks'
  activesupport (4.2.2) lib/active_support/callbacks.rb:776:in `_run_call_callbacks'
  activesupport (4.2.2) lib/active_support/callbacks.rb:81:in `run_callbacks'
  actionpack (4.2.2) lib/action_dispatch/middleware/callbacks.rb:27:in `call'
  actionpack (4.2.2) lib/action_dispatch/middleware/reloader.rb:73:in `call'
  actionpack (4.2.2) lib/action_dispatch/middleware/remote_ip.rb:78:in `call'
  web-console (2.0.0.beta3) lib/action_dispatch/debug_exceptions.rb:18:in `middleware_call'
  web-console (2.0.0.beta3) lib/action_dispatch/debug_exceptions.rb:13:in `call'
  actionpack (4.2.2) lib/action_dispatch/middleware/show_exceptions.rb:30:in `call'
  railties (4.2.2) lib/rails/rack/logger.rb:38:in `call_app'
  railties (4.2.2) lib/rails/rack/logger.rb:20:in `block in call'
  activesupport (4.2.2) lib/active_support/tagged_logging.rb:68:in `block in tagged'
  activesupport (4.2.2) lib/active_support/tagged_logging.rb:26:in `tagged'
  activesupport (4.2.2) lib/active_support/tagged_logging.rb:68:in `tagged'
  railties (4.2.2) lib/rails/rack/logger.rb:20:in `call'
  actionpack (4.2.2) lib/action_dispatch/middleware/request_id.rb:21:in `call'
  rack (1.6.4) lib/rack/methodoverride.rb:22:in `call'
  rack (1.6.4) lib/rack/runtime.rb:18:in `call'
  activesupport (4.2.2) lib/active_support/cache/strategy/local_cache_middleware.rb:28:in `call'
  rack (1.6.4) lib/rack/lock.rb:17:in `call'
  actionpack (4.2.2) lib/action_dispatch/middleware/static.rb:113:in `call'
  rack (1.6.4) lib/rack/sendfile.rb:113:in `call'
  railties (4.2.2) lib/rails/engine.rb:518:in `call'
  railties (4.2.2) lib/rails/application.rb:164:in `call'
  rack (1.6.4) lib/rack/lock.rb:17:in `call'
  rack (1.6.4) lib/rack/content_length.rb:15:in `call'
  rack (1.6.4) lib/rack/handler/webrick.rb:88:in `service'
  /home/ryan/.rvm/rubies/ruby-2.3.0/lib/ruby/2.3.0/webrick/httpserver.rb:140:in `service'
  /home/ryan/.rvm/rubies/ruby-2.3.0/lib/ruby/2.3.0/webrick/httpserver.rb:96:in `run'
  /home/ryan/.rvm/rubies/ruby-2.3.0/lib/ruby/2.3.0/webrick/server.rb:296:in `block in start_thread'


  Rendered /home/ryan/.rvm/gems/ruby-2.3.0@rails5.0/gems/web-console-2.0.0.beta3/lib/action_dispatch/templates/rescues/unknown_action.html.erb within rescues/layout (3.7ms)


Started GET "/signup" for 127.0.0.1 at 2016-05-18 09:57:56 -0400
Processing by UsersController#new as HTML
  Rendered shared/_error_messages.html.erb (0.7ms)
  Rendered users/new.html.erb within layouts/application (35.3ms)
  Rendered layouts/_shim.html.erb (0.6ms)
  Rendered layouts/_header.html.erb (4.4ms)
  Rendered layouts/_footer.html.erb (2.5ms)
Completed 200 OK in 569ms (Views: 558.9ms | ActiveRecord: 0.0ms)


Started POST "/users" for 127.0.0.1 at 2016-05-18 09:58:01 -0400
Processing by UsersController#create as HTML
  Parameters: {"utf8"=>"", "authenticity_token"=>"0W8CTGTpzKKzxBVaXgnjcoD04w/mPExlHxSpbD/aQZ7IP4L7AUm/O/OvybdaSRs9pInbWa1RWP1sUVAA52oD3Q==", "user"=>{"name"=>"Ryan", "email"=>"", "password"=>"[FILTERED]", "password_confirmation"=>"[FILTERED]"}, "commit"=>"Create my account"}
  [1m[35m (2.4ms)[0m  begin transaction
  [1m[36mUser Exists (1.7ms)[0m  [1mSELECT  1 AS one FROM "users" WHERE LOWER("users"."email") = LOWER('') LIMIT 1[0m
  [1m[35m (0.9ms)[0m  rollback transaction
  Rendered shared/_error_messages.html.erb (58.8ms)
  Rendered users/new.html.erb within layouts/application (116.3ms)
  Rendered layouts/_shim.html.erb (0.8ms)
  Rendered layouts/_header.html.erb (6.6ms)
  Rendered layouts/_footer.html.erb (4.1ms)
Completed 200 OK in 1108ms (Views: 856.6ms | ActiveRecord: 5.0ms)


Started POST "/users" for 127.0.0.1 at 2016-05-18 09:58:41 -0400
Processing by UsersController#create as HTML
  Parameters: {"utf8"=>"", "authenticity_token"=>"g1IaUNlDOyKV0g/jDrKlymxyTGqswBHManIng2QMc/+aAprnvONIu9W50w4K8l2FSA90POetBVQZN97vvLwxvA==", "user"=>{"name"=>"Ryan", "email"=>"ryan@email.cum", "password"=>"[FILTERED]", "password_confirmation"=>"[FILTERED]"}, "commit"=>"Create my account"}
  [1m[36m (0.9ms)[0m  [1mbegin transaction[0m
  [1m[35mUser Exists (1.1ms)[0m  SELECT  1 AS one FROM "users" WHERE LOWER("users"."email") = LOWER('ryan@email.cum') LIMIT 1
  [1m[36m (1.3ms)[0m  [1mrollback transaction[0m
  Rendered shared/_error_messages.html.erb (17.2ms)
  Rendered users/new.html.erb within layouts/application (83.5ms)
  Rendered layouts/_shim.html.erb (0.8ms)
  Rendered layouts/_header.html.erb (5.8ms)
  Rendered layouts/_footer.html.erb (3.7ms)
Completed 200 OK in 1082ms (Views: 862.0ms | ActiveRecord: 3.4ms)


Started POST "/users" for 127.0.0.1 at 2016-05-18 09:58:47 -0400
Processing by UsersController#create as HTML
  Parameters: {"utf8"=>"", "authenticity_token"=>"faWa18FjaNPKdQENbIvfcy/EQPb8xxaIkRmXOEWpyzlk9RpgpMMbSooe3eBoyyc8C7l4oLeqAhDiXG5UnRmJeg==", "user"=>{"name"=>"Ryan", "email"=>"ryan@email.cum", "password"=>"[FILTERED]", "password_confirmation"=>"[FILTERED]"}, "commit"=>"Create my account"}
  [1m[35m (0.8ms)[0m  begin transaction
  [1m[36mUser Exists (0.8ms)[0m  [1mSELECT  1 AS one FROM "users" WHERE LOWER("users"."email") = LOWER('ryan@email.cum') LIMIT 1[0m
  [1m[35m (1.1ms)[0m  rollback transaction
  Rendered shared/_error_messages.html.erb (33.2ms)
  Rendered users/new.html.erb within layouts/application (80.1ms)
  Rendered layouts/_shim.html.erb (0.6ms)
  Rendered layouts/_header.html.erb (4.5ms)
  Rendered layouts/_footer.html.erb (3.2ms)
Completed 200 OK in 687ms (Views: 585.4ms | ActiveRecord: 2.7ms)


Started POST "/users" for 127.0.0.1 at 2016-05-18 09:58:52 -0400
Processing by UsersController#create as HTML
  Parameters: {"utf8"=>"", "authenticity_token"=>"3ZDETWzQRHXA2JSbvE+6LTUbzlD5n64hHXGKzp5k0s/EwET6CXA37ICzSHa4D0JiEWb2BrLyurluNHOiRtSQjA==", "user"=>{"name"=>"Ryan", "email"=>"ryan@email.cum", "password"=>"[FILTERED]", "password_confirmation"=>"[FILTERED]"}, "commit"=>"Create my account"}
  [1m[36m (0.8ms)[0m  [1mbegin transaction[0m
  [1m[35mUser Exists (1.1ms)[0m  SELECT  1 AS one FROM "users" WHERE LOWER("users"."email") = LOWER('ryan@email.cum') LIMIT 1
  [1m[36m (0.6ms)[0m  [1mrollback transaction[0m
  Rendered shared/_error_messages.html.erb (16.7ms)
  Rendered users/new.html.erb within layouts/application (55.0ms)
  Rendered layouts/_shim.html.erb (0.6ms)
  Rendered layouts/_header.html.erb (3.8ms)
  Rendered layouts/_footer.html.erb (2.5ms)
Completed 200 OK in 641ms (Views: 467.6ms | ActiveRecord: 2.5ms)
